[0.017s] Invoking command in '/tb3_ws/build/turtlebot3_node': AMENT_PREFIX_PATH=/tb3_ws/install/turtlebot3_msgs:/tb3_ws/install/dynamixel_sdk:${AMENT_PREFIX_PATH} CMAKE_PREFIX_PATH=/tb3_ws/install/turtlebot3_msgs:/tb3_ws/install/dynamixel_sdk:/opt/ros/humble LD_LIBRARY_PATH=/tb3_ws/install/turtlebot3_msgs/lib:/tb3_ws/install/dynamixel_sdk/lib:${LD_LIBRARY_PATH} PYTHONPATH=/tb3_ws/install/turtlebot3_msgs/local/lib/python3.10/dist-packages:${PYTHONPATH} /usr/bin/cmake /tb3_ws/src/turtlebot3/turtlebot3_node -DAMENT_CMAKE_SYMLINK_INSTALL=1 -DCMAKE_INSTALL_PREFIX=/tb3_ws/install/turtlebot3_node
[1.734s] -- The C compiler identification is GNU 11.4.0
[1.790s] -- The CXX compiler identification is GNU 11.4.0
[1.798s] -- Detecting C compiler ABI info
[1.866s] -- Detecting C compiler ABI info - done
[1.872s] -- Check for working C compiler: /usr/bin/cc - skipped
[1.872s] -- Detecting C compile features
[1.873s] -- Detecting C compile features - done
[1.875s] -- Detecting CXX compiler ABI info
[1.971s] -- Detecting CXX compiler ABI info - done
[1.976s] -- Check for working CXX compiler: /usr/bin/c++ - skipped
[1.976s] -- Detecting CXX compile features
[1.977s] -- Detecting CXX compile features - done
[1.980s] -- Found ament_cmake: 1.3.14 (/opt/ros/humble/share/ament_cmake/cmake)
[2.135s] -- Found Python3: /usr/bin/python3 (found version "3.10.12") found components: Interpreter 
[2.205s] -- Override CMake install command with custom implementation using symlinks instead of copying resources
[2.237s] -- Found dynamixel_sdk: 3.7.60 (/tb3_ws/install/dynamixel_sdk/share/dynamixel_sdk/cmake)
[2.239s] -- Found geometry_msgs: 4.9.1 (/opt/ros/humble/share/geometry_msgs/cmake)
[2.272s] -- Found rosidl_generator_c: 3.1.8 (/opt/ros/humble/share/rosidl_generator_c/cmake)
[2.276s] -- Found rosidl_adapter: 3.1.8 (/opt/ros/humble/share/rosidl_adapter/cmake)
[2.284s] -- Found rosidl_generator_cpp: 3.1.8 (/opt/ros/humble/share/rosidl_generator_cpp/cmake)
[2.295s] -- Using all available rosidl_typesupport_c: rosidl_typesupport_fastrtps_c;rosidl_typesupport_introspection_c
[2.307s] -- Using all available rosidl_typesupport_cpp: rosidl_typesupport_fastrtps_cpp;rosidl_typesupport_introspection_cpp
[2.347s] -- Found message_filters: 4.3.15 (/opt/ros/humble/share/message_filters/cmake)
[2.386s] -- Found rmw_implementation_cmake: 6.1.2 (/opt/ros/humble/share/rmw_implementation_cmake/cmake)
[2.389s] -- Found rmw_fastrtps_cpp: 6.2.10 (/opt/ros/humble/share/rmw_fastrtps_cpp/cmake)
[2.483s] -- Found OpenSSL: /usr/lib/x86_64-linux-gnu/libcrypto.so (found version "3.0.2")  
[2.511s] -- Found FastRTPS: /opt/ros/humble/include  
[2.554s] -- Using RMW implementation 'rmw_fastrtps_cpp' as default
[2.561s] -- Looking for pthread.h
[2.625s] -- Looking for pthread.h - found
[2.626s] -- Performing Test CMAKE_HAVE_LIBC_PTHREAD
[2.689s] -- Performing Test CMAKE_HAVE_LIBC_PTHREAD - Success
[2.690s] -- Found Threads: TRUE  
[2.720s] -- Found nav_msgs: 4.9.1 (/opt/ros/humble/share/nav_msgs/cmake)
[2.733s] -- Found sensor_msgs: 4.9.1 (/opt/ros/humble/share/sensor_msgs/cmake)
[2.748s] -- Found std_srvs: 4.9.1 (/opt/ros/humble/share/std_srvs/cmake)
[2.765s] -- Found tf2: 0.25.20 (/opt/ros/humble/share/tf2/cmake)
[2.776s] -- Found tf2_ros: 0.25.20 (/opt/ros/humble/share/tf2_ros/cmake)
[2.858s] -- Found turtlebot3_msgs: 2.2.3 (/tb3_ws/install/turtlebot3_msgs/share/turtlebot3_msgs/cmake)
[2.947s] -- Configuring done
[2.979s] -- Generating done
[2.987s] -- Build files have been written to: /tb3_ws/build/turtlebot3_node
[3.002s] Invoked command in '/tb3_ws/build/turtlebot3_node' returned '0': AMENT_PREFIX_PATH=/tb3_ws/install/turtlebot3_msgs:/tb3_ws/install/dynamixel_sdk:${AMENT_PREFIX_PATH} CMAKE_PREFIX_PATH=/tb3_ws/install/turtlebot3_msgs:/tb3_ws/install/dynamixel_sdk:/opt/ros/humble LD_LIBRARY_PATH=/tb3_ws/install/turtlebot3_msgs/lib:/tb3_ws/install/dynamixel_sdk/lib:${LD_LIBRARY_PATH} PYTHONPATH=/tb3_ws/install/turtlebot3_msgs/local/lib/python3.10/dist-packages:${PYTHONPATH} /usr/bin/cmake /tb3_ws/src/turtlebot3/turtlebot3_node -DAMENT_CMAKE_SYMLINK_INSTALL=1 -DCMAKE_INSTALL_PREFIX=/tb3_ws/install/turtlebot3_node
[3.004s] Invoking command in '/tb3_ws/build/turtlebot3_node': AMENT_PREFIX_PATH=/tb3_ws/install/turtlebot3_msgs:/tb3_ws/install/dynamixel_sdk:${AMENT_PREFIX_PATH} CMAKE_PREFIX_PATH=/tb3_ws/install/turtlebot3_msgs:/tb3_ws/install/dynamixel_sdk:/opt/ros/humble LD_LIBRARY_PATH=/tb3_ws/install/turtlebot3_msgs/lib:/tb3_ws/install/dynamixel_sdk/lib:${LD_LIBRARY_PATH} PYTHONPATH=/tb3_ws/install/turtlebot3_msgs/local/lib/python3.10/dist-packages:${PYTHONPATH} /usr/bin/cmake --build /tb3_ws/build/turtlebot3_node -- -j8 -l8
[3.063s] [ 14%] [32mBuilding CXX object CMakeFiles/turtlebot3_node_lib.dir/src/diff_drive_controller.cpp.o[0m
[3.063s] [ 14%] [32mBuilding CXX object CMakeFiles/turtlebot3_node_lib.dir/src/devices/sound.cpp.o[0m
[3.063s] [ 21%] [32mBuilding CXX object CMakeFiles/turtlebot3_node_lib.dir/src/dynamixel_sdk_wrapper.cpp.o[0m
[3.063s] [ 28%] [32mBuilding CXX object CMakeFiles/turtlebot3_node_lib.dir/src/devices/motor_power.cpp.o[0m
[3.072s] [ 42%] [32mBuilding CXX object CMakeFiles/turtlebot3_node_lib.dir/src/devices/reset.cpp.o[0m
[3.073s] [ 42%] [32mBuilding CXX object CMakeFiles/turtlebot3_node_lib.dir/src/turtlebot3.cpp.o[0m
[3.076s] [ 50%] [32mBuilding CXX object CMakeFiles/turtlebot3_node_lib.dir/src/odometry.cpp.o[0m
[3.077s] [ 57%] [32mBuilding CXX object CMakeFiles/turtlebot3_node_lib.dir/src/sensors/battery_state.cpp.o[0m
[4.260s] [ 64%] [32mBuilding CXX object CMakeFiles/turtlebot3_node_lib.dir/src/sensors/imu.cpp.o[0m
[9.039s] [ 71%] [32mBuilding CXX object CMakeFiles/turtlebot3_node_lib.dir/src/sensors/joint_state.cpp.o[0m
[10.466s] [ 78%] [32mBuilding CXX object CMakeFiles/turtlebot3_node_lib.dir/src/sensors/sensor_state.cpp.o[0m
[21.991s] [ 85%] [32m[1mLinking CXX static library libturtlebot3_node_lib.a[0m
[23.053s] [ 85%] Built target turtlebot3_node_lib
[23.073s] [ 92%] [32mBuilding CXX object CMakeFiles/turtlebot3_ros.dir/src/node_main.cpp.o[0m
[26.027s] [100%] [32m[1mLinking CXX executable turtlebot3_ros[0m
[27.574s] [100%] Built target turtlebot3_ros
[27.584s] Invoked command in '/tb3_ws/build/turtlebot3_node' returned '0': AMENT_PREFIX_PATH=/tb3_ws/install/turtlebot3_msgs:/tb3_ws/install/dynamixel_sdk:${AMENT_PREFIX_PATH} CMAKE_PREFIX_PATH=/tb3_ws/install/turtlebot3_msgs:/tb3_ws/install/dynamixel_sdk:/opt/ros/humble LD_LIBRARY_PATH=/tb3_ws/install/turtlebot3_msgs/lib:/tb3_ws/install/dynamixel_sdk/lib:${LD_LIBRARY_PATH} PYTHONPATH=/tb3_ws/install/turtlebot3_msgs/local/lib/python3.10/dist-packages:${PYTHONPATH} /usr/bin/cmake --build /tb3_ws/build/turtlebot3_node -- -j8 -l8
[27.586s] Invoking command in '/tb3_ws/build/turtlebot3_node': AMENT_PREFIX_PATH=/tb3_ws/install/turtlebot3_msgs:/tb3_ws/install/dynamixel_sdk:${AMENT_PREFIX_PATH} CMAKE_PREFIX_PATH=/tb3_ws/install/turtlebot3_msgs:/tb3_ws/install/dynamixel_sdk:/opt/ros/humble LD_LIBRARY_PATH=/tb3_ws/install/turtlebot3_msgs/lib:/tb3_ws/install/dynamixel_sdk/lib:${LD_LIBRARY_PATH} PYTHONPATH=/tb3_ws/install/turtlebot3_msgs/local/lib/python3.10/dist-packages:${PYTHONPATH} /usr/bin/cmake --install /tb3_ws/build/turtlebot3_node
[27.591s] -- Install configuration: ""
[27.591s] -- Execute custom install script
[27.592s] -- Symlinking: /tb3_ws/install/turtlebot3_node/share/turtlebot3_node/param/burger.yaml
[27.600s] -- Symlinking: /tb3_ws/install/turtlebot3_node/share/turtlebot3_node/param/waffle.yaml
[27.608s] -- Symlinking: /tb3_ws/install/turtlebot3_node/share/turtlebot3_node/param/waffle_pi.yaml
[27.615s] -- Symlinking: /tb3_ws/install/turtlebot3_node/lib/turtlebot3_node/turtlebot3_ros
[27.622s] -- Symlinking: /tb3_ws/install/turtlebot3_node/share/ament_index/resource_index/package_run_dependencies/turtlebot3_node
[27.630s] -- Symlinking: /tb3_ws/install/turtlebot3_node/share/ament_index/resource_index/parent_prefix_path/turtlebot3_node
[27.637s] -- Symlinking: /tb3_ws/install/turtlebot3_node/share/turtlebot3_node/environment/ament_prefix_path.sh
[27.644s] -- Symlinking: /tb3_ws/install/turtlebot3_node/share/turtlebot3_node/environment/ament_prefix_path.dsv
[27.652s] -- Symlinking: /tb3_ws/install/turtlebot3_node/share/turtlebot3_node/environment/path.sh
[27.658s] -- Symlinking: /tb3_ws/install/turtlebot3_node/share/turtlebot3_node/environment/path.dsv
[27.666s] -- Symlinking: /tb3_ws/install/turtlebot3_node/share/turtlebot3_node/local_setup.bash
[27.673s] -- Symlinking: /tb3_ws/install/turtlebot3_node/share/turtlebot3_node/local_setup.sh
[27.680s] -- Symlinking: /tb3_ws/install/turtlebot3_node/share/turtlebot3_node/local_setup.zsh
[27.687s] -- Symlinking: /tb3_ws/install/turtlebot3_node/share/turtlebot3_node/local_setup.dsv
[27.694s] -- Symlinking: /tb3_ws/install/turtlebot3_node/share/turtlebot3_node/package.dsv
[27.701s] -- Symlinking: /tb3_ws/install/turtlebot3_node/share/ament_index/resource_index/packages/turtlebot3_node
[27.709s] -- Symlinking: /tb3_ws/install/turtlebot3_node/share/turtlebot3_node/cmake/ament_cmake_export_include_directories-extras.cmake
[27.715s] -- Symlinking: /tb3_ws/install/turtlebot3_node/share/turtlebot3_node/cmake/turtlebot3_nodeConfig.cmake
[27.722s] -- Symlinking: /tb3_ws/install/turtlebot3_node/share/turtlebot3_node/cmake/turtlebot3_nodeConfig-version.cmake
[27.728s] -- Symlinking: /tb3_ws/install/turtlebot3_node/share/turtlebot3_node/package.xml
[27.737s] Invoked command in '/tb3_ws/build/turtlebot3_node' returned '0': AMENT_PREFIX_PATH=/tb3_ws/install/turtlebot3_msgs:/tb3_ws/install/dynamixel_sdk:${AMENT_PREFIX_PATH} CMAKE_PREFIX_PATH=/tb3_ws/install/turtlebot3_msgs:/tb3_ws/install/dynamixel_sdk:/opt/ros/humble LD_LIBRARY_PATH=/tb3_ws/install/turtlebot3_msgs/lib:/tb3_ws/install/dynamixel_sdk/lib:${LD_LIBRARY_PATH} PYTHONPATH=/tb3_ws/install/turtlebot3_msgs/local/lib/python3.10/dist-packages:${PYTHONPATH} /usr/bin/cmake --install /tb3_ws/build/turtlebot3_node
