[1.104s] Invoking command in '/tb3_ws/build/turtlebot3_drl': PYTHONPATH=/tb3_ws/build/turtlebot3_drl/prefix_override:/usr/lib/python3/dist-packages/colcon_core/task/python/colcon_distutils_commands:/tb3_ws/install/turtlebot3_drl/lib/python3.10/site-packages:${PYTHONPATH} /usr/bin/python3 -W ignore:setup.py install is deprecated -W ignore:easy_install command is deprecated setup.py develop --editable --build-directory /tb3_ws/build/turtlebot3_drl/build --no-deps symlink_data
[1.595s] running develop
[1.874s] running egg_info
[1.874s] writing turtlebot3_drl.egg-info/PKG-INFO
[1.875s] writing dependency_links to turtlebot3_drl.egg-info/dependency_links.txt
[1.876s] writing entry points to turtlebot3_drl.egg-info/entry_points.txt
[1.876s] writing requirements to turtlebot3_drl.egg-info/requires.txt
[1.876s] writing top-level names to turtlebot3_drl.egg-info/top_level.txt
[1.881s] reading manifest file 'turtlebot3_drl.egg-info/SOURCES.txt'
[1.883s] writing manifest file 'turtlebot3_drl.egg-info/SOURCES.txt'
[1.885s] running build_ext
[1.885s] Creating /tb3_ws/install/turtlebot3_drl/lib/python3.10/site-packages/turtlebot3-drl.egg-link (link to .)
[1.885s] Installing environment script to /tb3_ws/install/turtlebot3_drl/lib/turtlebot3_drl
[1.885s] Installing gazebo_goals script to /tb3_ws/install/turtlebot3_drl/lib/turtlebot3_drl
[1.886s] Installing real_agent script to /tb3_ws/install/turtlebot3_drl/lib/turtlebot3_drl
[1.886s] Installing real_environment script to /tb3_ws/install/turtlebot3_drl/lib/turtlebot3_drl
[1.886s] Installing real_goal script to /tb3_ws/install/turtlebot3_drl/lib/turtlebot3_drl
[1.887s] Installing test script to /tb3_ws/install/turtlebot3_drl/lib/turtlebot3_drl
[1.887s] Installing test_agent script to /tb3_ws/install/turtlebot3_drl/lib/turtlebot3_drl
[1.887s] Installing train_agent script to /tb3_ws/install/turtlebot3_drl/lib/turtlebot3_drl
[1.887s] 
[1.887s] Installed /tb3_ws/build/turtlebot3_drl
[1.888s] running symlink_data
[1.936s] Invoked command in '/tb3_ws/build/turtlebot3_drl' returned '0': PYTHONPATH=/tb3_ws/build/turtlebot3_drl/prefix_override:/usr/lib/python3/dist-packages/colcon_core/task/python/colcon_distutils_commands:/tb3_ws/install/turtlebot3_drl/lib/python3.10/site-packages:${PYTHONPATH} /usr/bin/python3 -W ignore:setup.py install is deprecated -W ignore:easy_install command is deprecated setup.py develop --editable --build-directory /tb3_ws/build/turtlebot3_drl/build --no-deps symlink_data
