[0.034s] Invoking command in '/tb3_ws/build/dynamixel_sdk': CMAKE_PREFIX_PATH=/opt/ros/humble /usr/bin/cmake /tb3_ws/src/DynamixelSDK/dynamixel_sdk -DAMENT_CMAKE_SYMLINK_INSTALL=1 -DCMAKE_INSTALL_PREFIX=/tb3_ws/install/dynamixel_sdk
[0.280s] -- The C compiler identification is GNU 11.4.0
[0.312s] -- The CXX compiler identification is GNU 11.4.0
[0.327s] -- Detecting C compiler ABI info
[0.405s] -- Detecting C compiler ABI info - done
[0.414s] -- Check for working C compiler: /usr/bin/cc - skipped
[0.414s] -- Detecting C compile features
[0.415s] -- Detecting C compile features - done
[0.420s] -- Detecting CXX compiler ABI info
[0.512s] -- Detecting CXX compiler ABI info - done
[0.519s] -- Check for working CXX compiler: /usr/bin/c++ - skipped
[0.519s] -- Detecting CXX compile features
[0.520s] -- Detecting CXX compile features - done
[0.535s] -- Found ament_cmake: 1.3.14 (/opt/ros/humble/share/ament_cmake/cmake)
[0.711s] -- Found Python3: /usr/bin/python3 (found version "3.10.12") found components: Interpreter 
[0.797s] -- Override CMake install command with custom implementation using symlinks instead of copying resources
[0.947s] -- Configuring done
[0.956s] -- Generating done
[0.959s] -- Build files have been written to: /tb3_ws/build/dynamixel_sdk
[0.971s] Invoked command in '/tb3_ws/build/dynamixel_sdk' returned '0': CMAKE_PREFIX_PATH=/opt/ros/humble /usr/bin/cmake /tb3_ws/src/DynamixelSDK/dynamixel_sdk -DAMENT_CMAKE_SYMLINK_INSTALL=1 -DCMAKE_INSTALL_PREFIX=/tb3_ws/install/dynamixel_sdk
[0.974s] Invoking command in '/tb3_ws/build/dynamixel_sdk': CMAKE_PREFIX_PATH=/opt/ros/humble /usr/bin/cmake --build /tb3_ws/build/dynamixel_sdk -- -j8 -l8
[1.040s] [ 10%] [32mBuilding CXX object CMakeFiles/dynamixel_sdk.dir/src/dynamixel_sdk/group_sync_read.cpp.o[0m
[1.040s] [ 20%] [32mBuilding CXX object CMakeFiles/dynamixel_sdk.dir/src/dynamixel_sdk/protocol2_packet_handler.cpp.o[0m
[1.043s] [ 30%] [32mBuilding CXX object CMakeFiles/dynamixel_sdk.dir/src/dynamixel_sdk/protocol1_packet_handler.cpp.o[0m
[1.050s] [ 40%] [32mBuilding CXX object CMakeFiles/dynamixel_sdk.dir/src/dynamixel_sdk/group_bulk_write.cpp.o[0m
[1.050s] [ 50%] [32mBuilding CXX object CMakeFiles/dynamixel_sdk.dir/src/dynamixel_sdk/packet_handler.cpp.o[0m
[1.060s] [ 60%] [32mBuilding CXX object CMakeFiles/dynamixel_sdk.dir/src/dynamixel_sdk/group_bulk_read.cpp.o[0m
[1.061s] [ 70%] [32mBuilding CXX object CMakeFiles/dynamixel_sdk.dir/src/dynamixel_sdk/group_sync_write.cpp.o[0m
[1.072s] [ 80%] [32mBuilding CXX object CMakeFiles/dynamixel_sdk.dir/src/dynamixel_sdk/port_handler.cpp.o[0m
[1.157s] [ 90%] [32mBuilding CXX object CMakeFiles/dynamixel_sdk.dir/src/dynamixel_sdk/port_handler_linux.cpp.o[0m
[1.875s] [100%] [32m[1mLinking CXX shared library libdynamixel_sdk.so[0m
[1.979s] [100%] Built target dynamixel_sdk
[1.990s] Invoked command in '/tb3_ws/build/dynamixel_sdk' returned '0': CMAKE_PREFIX_PATH=/opt/ros/humble /usr/bin/cmake --build /tb3_ws/build/dynamixel_sdk -- -j8 -l8
[1.991s] Invoking command in '/tb3_ws/build/dynamixel_sdk': CMAKE_PREFIX_PATH=/opt/ros/humble /usr/bin/cmake --install /tb3_ws/build/dynamixel_sdk
[2.001s] -- Install configuration: ""
[2.001s] -- Execute custom install script
[2.003s] -- Symlinking: /tb3_ws/install/dynamixel_sdk/include//dynamixel_sdk/dynamixel_sdk.h
[2.012s] -- Symlinking: /tb3_ws/install/dynamixel_sdk/include//dynamixel_sdk/group_bulk_read.h
[2.021s] -- Symlinking: /tb3_ws/install/dynamixel_sdk/include//dynamixel_sdk/group_bulk_write.h
[2.029s] -- Symlinking: /tb3_ws/install/dynamixel_sdk/include//dynamixel_sdk/group_sync_read.h
[2.038s] -- Symlinking: /tb3_ws/install/dynamixel_sdk/include//dynamixel_sdk/group_sync_write.h
[2.047s] -- Symlinking: /tb3_ws/install/dynamixel_sdk/include//dynamixel_sdk/packet_handler.h
[2.057s] -- Symlinking: /tb3_ws/install/dynamixel_sdk/include//dynamixel_sdk/port_handler.h
[2.065s] -- Symlinking: /tb3_ws/install/dynamixel_sdk/include//dynamixel_sdk/port_handler_arduino.h
[2.074s] -- Symlinking: /tb3_ws/install/dynamixel_sdk/include//dynamixel_sdk/port_handler_linux.h
[2.082s] -- Symlinking: /tb3_ws/install/dynamixel_sdk/include//dynamixel_sdk/port_handler_mac.h
[2.090s] -- Symlinking: /tb3_ws/install/dynamixel_sdk/include//dynamixel_sdk/port_handler_windows.h
[2.097s] -- Symlinking: /tb3_ws/install/dynamixel_sdk/include//dynamixel_sdk/protocol1_packet_handler.h
[2.108s] -- Symlinking: /tb3_ws/install/dynamixel_sdk/include//dynamixel_sdk/protocol2_packet_handler.h
[2.117s] -- Symlinking: /tb3_ws/install/dynamixel_sdk/lib/libdynamixel_sdk.so
[2.126s] -- Symlinking: /tb3_ws/install/dynamixel_sdk/share/dynamixel_sdk/environment/library_path.sh
[2.137s] -- Symlinking: /tb3_ws/install/dynamixel_sdk/share/dynamixel_sdk/environment/library_path.dsv
[2.146s] -- Symlinking: /tb3_ws/install/dynamixel_sdk/share/ament_index/resource_index/package_run_dependencies/dynamixel_sdk
[2.158s] -- Symlinking: /tb3_ws/install/dynamixel_sdk/share/ament_index/resource_index/parent_prefix_path/dynamixel_sdk
[2.166s] -- Symlinking: /tb3_ws/install/dynamixel_sdk/share/dynamixel_sdk/environment/ament_prefix_path.sh
[2.174s] -- Symlinking: /tb3_ws/install/dynamixel_sdk/share/dynamixel_sdk/environment/ament_prefix_path.dsv
[2.183s] -- Symlinking: /tb3_ws/install/dynamixel_sdk/share/dynamixel_sdk/environment/path.sh
[2.194s] -- Symlinking: /tb3_ws/install/dynamixel_sdk/share/dynamixel_sdk/environment/path.dsv
[2.203s] -- Symlinking: /tb3_ws/install/dynamixel_sdk/share/dynamixel_sdk/local_setup.bash
[2.210s] -- Symlinking: /tb3_ws/install/dynamixel_sdk/share/dynamixel_sdk/local_setup.sh
[2.219s] -- Symlinking: /tb3_ws/install/dynamixel_sdk/share/dynamixel_sdk/local_setup.zsh
[2.227s] -- Symlinking: /tb3_ws/install/dynamixel_sdk/share/dynamixel_sdk/local_setup.dsv
[2.235s] -- Symlinking: /tb3_ws/install/dynamixel_sdk/share/dynamixel_sdk/package.dsv
[2.244s] -- Symlinking: /tb3_ws/install/dynamixel_sdk/share/ament_index/resource_index/packages/dynamixel_sdk
[2.252s] -- Symlinking: /tb3_ws/install/dynamixel_sdk/share/dynamixel_sdk/cmake/ament_cmake_export_include_directories-extras.cmake
[2.260s] -- Symlinking: /tb3_ws/install/dynamixel_sdk/share/dynamixel_sdk/cmake/ament_cmake_export_libraries-extras.cmake
[2.269s] -- Symlinking: /tb3_ws/install/dynamixel_sdk/share/dynamixel_sdk/cmake/dynamixel_sdkConfig.cmake
[2.279s] -- Symlinking: /tb3_ws/install/dynamixel_sdk/share/dynamixel_sdk/cmake/dynamixel_sdkConfig-version.cmake
[2.289s] -- Symlinking: /tb3_ws/install/dynamixel_sdk/share/dynamixel_sdk/package.xml
[2.303s] Invoked command in '/tb3_ws/build/dynamixel_sdk' returned '0': CMAKE_PREFIX_PATH=/opt/ros/humble /usr/bin/cmake --install /tb3_ws/build/dynamixel_sdk
