[0.014s] Invoking command in '/tb3_ws/build/turtlebot3_simulations': AMENT_PREFIX_PATH=/tb3_ws/install/turtlebot3_fake_node:/tb3_ws/install/turtlebot3_msgs:/tb3_ws/install/turtlebot3_gazebo:${AMENT_PREFIX_PATH} CMAKE_PREFIX_PATH=/tb3_ws/install/turtlebot3_fake_node:/tb3_ws/install/turtlebot3_msgs:/tb3_ws/install/turtlebot3_gazebo:/opt/ros/humble LD_LIBRARY_PATH=/tb3_ws/install/turtlebot3_msgs/lib:${LD_LIBRARY_PATH} PYTHONPATH=/tb3_ws/install/turtlebot3_msgs/local/lib/python3.10/dist-packages:${PYTHONPATH} /usr/bin/cmake /tb3_ws/src/turtlebot3_simulations/turtlebot3_simulations -DAMENT_CMAKE_SYMLINK_INSTALL=1 -DCMAKE_INSTALL_PREFIX=/tb3_ws/install/turtlebot3_simulations
[0.069s] -- The C compiler identification is GNU 11.4.0
[0.119s] -- The CXX compiler identification is GNU 11.4.0
[0.126s] -- Detecting C compiler ABI info
[0.191s] -- Detecting C compiler ABI info - done
[0.198s] -- Check for working C compiler: /usr/bin/cc - skipped
[0.198s] -- Detecting C compile features
[0.198s] -- Detecting C compile features - done
[0.201s] -- Detecting CXX compiler ABI info
[0.280s] -- Detecting CXX compiler ABI info - done
[0.291s] -- Check for working CXX compiler: /usr/bin/c++ - skipped
[0.291s] -- Detecting CXX compile features
[0.292s] -- Detecting CXX compile features - done
[0.297s] -- Found ament_cmake: 1.3.14 (/opt/ros/humble/share/ament_cmake/cmake)
[0.457s] -- Found Python3: /usr/bin/python3 (found version "3.10.12") found components: Interpreter 
[0.546s] -- Override CMake install command with custom implementation using symlinks instead of copying resources
[0.639s] -- Configuring done
[0.643s] -- Generating done
[0.644s] -- Build files have been written to: /tb3_ws/build/turtlebot3_simulations
[0.649s] Invoked command in '/tb3_ws/build/turtlebot3_simulations' returned '0': AMENT_PREFIX_PATH=/tb3_ws/install/turtlebot3_fake_node:/tb3_ws/install/turtlebot3_msgs:/tb3_ws/install/turtlebot3_gazebo:${AMENT_PREFIX_PATH} CMAKE_PREFIX_PATH=/tb3_ws/install/turtlebot3_fake_node:/tb3_ws/install/turtlebot3_msgs:/tb3_ws/install/turtlebot3_gazebo:/opt/ros/humble LD_LIBRARY_PATH=/tb3_ws/install/turtlebot3_msgs/lib:${LD_LIBRARY_PATH} PYTHONPATH=/tb3_ws/install/turtlebot3_msgs/local/lib/python3.10/dist-packages:${PYTHONPATH} /usr/bin/cmake /tb3_ws/src/turtlebot3_simulations/turtlebot3_simulations -DAMENT_CMAKE_SYMLINK_INSTALL=1 -DCMAKE_INSTALL_PREFIX=/tb3_ws/install/turtlebot3_simulations
[0.651s] Invoking command in '/tb3_ws/build/turtlebot3_simulations': AMENT_PREFIX_PATH=/tb3_ws/install/turtlebot3_fake_node:/tb3_ws/install/turtlebot3_msgs:/tb3_ws/install/turtlebot3_gazebo:${AMENT_PREFIX_PATH} CMAKE_PREFIX_PATH=/tb3_ws/install/turtlebot3_fake_node:/tb3_ws/install/turtlebot3_msgs:/tb3_ws/install/turtlebot3_gazebo:/opt/ros/humble LD_LIBRARY_PATH=/tb3_ws/install/turtlebot3_msgs/lib:${LD_LIBRARY_PATH} PYTHONPATH=/tb3_ws/install/turtlebot3_msgs/local/lib/python3.10/dist-packages:${PYTHONPATH} /usr/bin/cmake --build /tb3_ws/build/turtlebot3_simulations -- -j8 -l8
[0.700s] Invoked command in '/tb3_ws/build/turtlebot3_simulations' returned '0': AMENT_PREFIX_PATH=/tb3_ws/install/turtlebot3_fake_node:/tb3_ws/install/turtlebot3_msgs:/tb3_ws/install/turtlebot3_gazebo:${AMENT_PREFIX_PATH} CMAKE_PREFIX_PATH=/tb3_ws/install/turtlebot3_fake_node:/tb3_ws/install/turtlebot3_msgs:/tb3_ws/install/turtlebot3_gazebo:/opt/ros/humble LD_LIBRARY_PATH=/tb3_ws/install/turtlebot3_msgs/lib:${LD_LIBRARY_PATH} PYTHONPATH=/tb3_ws/install/turtlebot3_msgs/local/lib/python3.10/dist-packages:${PYTHONPATH} /usr/bin/cmake --build /tb3_ws/build/turtlebot3_simulations -- -j8 -l8
[0.702s] Invoking command in '/tb3_ws/build/turtlebot3_simulations': AMENT_PREFIX_PATH=/tb3_ws/install/turtlebot3_fake_node:/tb3_ws/install/turtlebot3_msgs:/tb3_ws/install/turtlebot3_gazebo:${AMENT_PREFIX_PATH} CMAKE_PREFIX_PATH=/tb3_ws/install/turtlebot3_fake_node:/tb3_ws/install/turtlebot3_msgs:/tb3_ws/install/turtlebot3_gazebo:/opt/ros/humble LD_LIBRARY_PATH=/tb3_ws/install/turtlebot3_msgs/lib:${LD_LIBRARY_PATH} PYTHONPATH=/tb3_ws/install/turtlebot3_msgs/local/lib/python3.10/dist-packages:${PYTHONPATH} /usr/bin/cmake --install /tb3_ws/build/turtlebot3_simulations
[0.710s] -- Install configuration: ""
[0.711s] -- Execute custom install script
[0.713s] -- Symlinking: /tb3_ws/install/turtlebot3_simulations/share/ament_index/resource_index/package_run_dependencies/turtlebot3_simulations
[0.724s] -- Symlinking: /tb3_ws/install/turtlebot3_simulations/share/ament_index/resource_index/parent_prefix_path/turtlebot3_simulations
[0.737s] -- Symlinking: /tb3_ws/install/turtlebot3_simulations/share/turtlebot3_simulations/environment/ament_prefix_path.sh
[0.746s] -- Symlinking: /tb3_ws/install/turtlebot3_simulations/share/turtlebot3_simulations/environment/ament_prefix_path.dsv
[0.756s] -- Symlinking: /tb3_ws/install/turtlebot3_simulations/share/turtlebot3_simulations/environment/path.sh
[0.767s] -- Symlinking: /tb3_ws/install/turtlebot3_simulations/share/turtlebot3_simulations/environment/path.dsv
[0.776s] -- Symlinking: /tb3_ws/install/turtlebot3_simulations/share/turtlebot3_simulations/local_setup.bash
[0.786s] -- Symlinking: /tb3_ws/install/turtlebot3_simulations/share/turtlebot3_simulations/local_setup.sh
[0.794s] -- Symlinking: /tb3_ws/install/turtlebot3_simulations/share/turtlebot3_simulations/local_setup.zsh
[0.806s] -- Symlinking: /tb3_ws/install/turtlebot3_simulations/share/turtlebot3_simulations/local_setup.dsv
[0.814s] -- Symlinking: /tb3_ws/install/turtlebot3_simulations/share/turtlebot3_simulations/package.dsv
[0.827s] -- Symlinking: /tb3_ws/install/turtlebot3_simulations/share/ament_index/resource_index/packages/turtlebot3_simulations
[0.839s] -- Symlinking: /tb3_ws/install/turtlebot3_simulations/share/turtlebot3_simulations/cmake/turtlebot3_simulationsConfig.cmake
[0.850s] -- Symlinking: /tb3_ws/install/turtlebot3_simulations/share/turtlebot3_simulations/cmake/turtlebot3_simulationsConfig-version.cmake
[0.859s] -- Symlinking: /tb3_ws/install/turtlebot3_simulations/share/turtlebot3_simulations/package.xml
[0.871s] Invoked command in '/tb3_ws/build/turtlebot3_simulations' returned '0': AMENT_PREFIX_PATH=/tb3_ws/install/turtlebot3_fake_node:/tb3_ws/install/turtlebot3_msgs:/tb3_ws/install/turtlebot3_gazebo:${AMENT_PREFIX_PATH} CMAKE_PREFIX_PATH=/tb3_ws/install/turtlebot3_fake_node:/tb3_ws/install/turtlebot3_msgs:/tb3_ws/install/turtlebot3_gazebo:/opt/ros/humble LD_LIBRARY_PATH=/tb3_ws/install/turtlebot3_msgs/lib:${LD_LIBRARY_PATH} PYTHONPATH=/tb3_ws/install/turtlebot3_msgs/local/lib/python3.10/dist-packages:${PYTHONPATH} /usr/bin/cmake --install /tb3_ws/build/turtlebot3_simulations
