[0.964s] Invoking command in '/tb3_ws/build/turtlebot3_drl': PYTHONPATH=/tb3_ws/build/turtlebot3_drl/prefix_override:/usr/lib/python3/dist-packages/colcon_core/task/python/colcon_distutils_commands:/tb3_ws/install/turtlebot3_drl/lib/python3.10/site-packages:${PYTHONPATH} /usr/bin/python3 -W ignore:setup.py install is deprecated -W ignore:easy_install command is deprecated setup.py develop --editable --build-directory /tb3_ws/build/turtlebot3_drl/build --no-deps symlink_data
[1.404s] running develop
[1.575s] running egg_info
[1.576s] creating turtlebot3_drl.egg-info
[1.577s] writing turtlebot3_drl.egg-info/PKG-INFO
[1.578s] writing dependency_links to turtlebot3_drl.egg-info/dependency_links.txt
[1.579s] writing entry points to turtlebot3_drl.egg-info/entry_points.txt
[1.579s] writing requirements to turtlebot3_drl.egg-info/requires.txt
[1.579s] writing top-level names to turtlebot3_drl.egg-info/top_level.txt
[1.580s] writing manifest file 'turtlebot3_drl.egg-info/SOURCES.txt'
[1.584s] reading manifest file 'turtlebot3_drl.egg-info/SOURCES.txt'
[1.585s] writing manifest file 'turtlebot3_drl.egg-info/SOURCES.txt'
[1.588s] running build_ext
[1.588s] Creating /tb3_ws/install/turtlebot3_drl/lib/python3.10/site-packages/turtlebot3-drl.egg-link (link to .)
[1.589s] Installing environment script to /tb3_ws/install/turtlebot3_drl/lib/turtlebot3_drl
[1.590s] Installing gazebo_goals script to /tb3_ws/install/turtlebot3_drl/lib/turtlebot3_drl
[1.590s] Installing real_agent script to /tb3_ws/install/turtlebot3_drl/lib/turtlebot3_drl
[1.590s] Installing real_environment script to /tb3_ws/install/turtlebot3_drl/lib/turtlebot3_drl
[1.590s] Installing real_goal script to /tb3_ws/install/turtlebot3_drl/lib/turtlebot3_drl
[1.590s] Installing test script to /tb3_ws/install/turtlebot3_drl/lib/turtlebot3_drl
[1.590s] Installing test_agent script to /tb3_ws/install/turtlebot3_drl/lib/turtlebot3_drl
[1.591s] Installing train_agent script to /tb3_ws/install/turtlebot3_drl/lib/turtlebot3_drl
[1.591s] 
[1.591s] Installed /tb3_ws/build/turtlebot3_drl
[1.592s] running symlink_data
[1.592s] creating /tb3_ws/install/turtlebot3_drl/share/ament_index
[1.592s] creating /tb3_ws/install/turtlebot3_drl/share/ament_index/resource_index
[1.592s] creating /tb3_ws/install/turtlebot3_drl/share/ament_index/resource_index/packages
[1.592s] symbolically linking /tb3_ws/build/turtlebot3_drl/resource/turtlebot3_drl -> /tb3_ws/install/turtlebot3_drl/share/ament_index/resource_index/packages
[1.592s] symbolically linking /tb3_ws/build/turtlebot3_drl/package.xml -> /tb3_ws/install/turtlebot3_drl/share/turtlebot3_drl
[1.593s] creating /tb3_ws/install/turtlebot3_drl/share/turtlebot3_drl/launch
[1.676s] Invoked command in '/tb3_ws/build/turtlebot3_drl' returned '0': PYTHONPATH=/tb3_ws/build/turtlebot3_drl/prefix_override:/usr/lib/python3/dist-packages/colcon_core/task/python/colcon_distutils_commands:/tb3_ws/install/turtlebot3_drl/lib/python3.10/site-packages:${PYTHONPATH} /usr/bin/python3 -W ignore:setup.py install is deprecated -W ignore:easy_install command is deprecated setup.py develop --editable --build-directory /tb3_ws/build/turtlebot3_drl/build --no-deps symlink_data
