[0.034s] Invoking command in '/tb3_ws/build/dynamixel_sdk_examples': AMENT_PREFIX_PATH=/tb3_ws/install/dynamixel_sdk_custom_interfaces:/tb3_ws/install/dynamixel_sdk:${AMENT_PREFIX_PATH} CMAKE_PREFIX_PATH=/tb3_ws/install/dynamixel_sdk_custom_interfaces:/tb3_ws/install/dynamixel_sdk:/opt/ros/humble LD_LIBRARY_PATH=/tb3_ws/install/dynamixel_sdk_custom_interfaces/lib:/tb3_ws/install/dynamixel_sdk/lib:${LD_LIBRARY_PATH} PYTHONPATH=/tb3_ws/install/dynamixel_sdk_custom_interfaces/local/lib/python3.10/dist-packages:${PYTHONPATH} /usr/bin/cmake /tb3_ws/src/DynamixelSDK/dynamixel_sdk_examples -DAMENT_CMAKE_SYMLINK_INSTALL=1 -DCMAKE_INSTALL_PREFIX=/tb3_ws/install/dynamixel_sdk_examples
[0.135s] -- The C compiler identification is GNU 11.4.0
[0.320s] -- The CXX compiler identification is GNU 11.4.0
[0.343s] -- Detecting C compiler ABI info
[0.481s] -- Detecting C compiler ABI info - done
[0.494s] -- Check for working C compiler: /usr/bin/cc - skipped
[0.503s] -- Detecting C compile features
[0.503s] -- Detecting C compile features - done
[0.509s] -- Detecting CXX compiler ABI info
[0.699s] -- Detecting CXX compiler ABI info - done
[0.714s] -- Check for working CXX compiler: /usr/bin/c++ - skipped
[0.723s] -- Detecting CXX compile features
[0.723s] -- Detecting CXX compile features - done
[0.724s] -- Found ament_cmake: 1.3.14 (/opt/ros/humble/share/ament_cmake/cmake)
[1.210s] -- Found Python3: /usr/bin/python3 (found version "3.10.12") found components: Interpreter 
[1.360s] -- Override CMake install command with custom implementation using symlinks instead of copying resources
[1.409s] -- Found dynamixel_sdk: 3.7.60 (/tb3_ws/install/dynamixel_sdk/share/dynamixel_sdk/cmake)
[1.416s] -- Found dynamixel_sdk_custom_interfaces: 3.7.60 (/tb3_ws/install/dynamixel_sdk_custom_interfaces/share/dynamixel_sdk_custom_interfaces/cmake)
[1.469s] -- Found rosidl_generator_c: 3.1.8 (/opt/ros/humble/share/rosidl_generator_c/cmake)
[1.479s] -- Found rosidl_adapter: 3.1.8 (/opt/ros/humble/share/rosidl_adapter/cmake)
[1.491s] -- Found rosidl_generator_cpp: 3.1.8 (/opt/ros/humble/share/rosidl_generator_cpp/cmake)
[1.509s] -- Using all available rosidl_typesupport_c: rosidl_typesupport_fastrtps_c;rosidl_typesupport_introspection_c
[1.530s] -- Using all available rosidl_typesupport_cpp: rosidl_typesupport_fastrtps_cpp;rosidl_typesupport_introspection_cpp
[1.567s] -- Found rclcpp: 16.0.19 (/opt/ros/humble/share/rclcpp/cmake)
[1.615s] -- Found rmw_implementation_cmake: 6.1.2 (/opt/ros/humble/share/rmw_implementation_cmake/cmake)
[1.617s] -- Found rmw_fastrtps_cpp: 6.2.10 (/opt/ros/humble/share/rmw_fastrtps_cpp/cmake)
[1.722s] -- Found OpenSSL: /usr/lib/x86_64-linux-gnu/libcrypto.so (found version "3.0.2")  
[1.758s] -- Found FastRTPS: /opt/ros/humble/include  
[1.820s] -- Using RMW implementation 'rmw_fastrtps_cpp' as default
[1.831s] -- Looking for pthread.h
[1.933s] -- Looking for pthread.h - found
[1.933s] -- Performing Test CMAKE_HAVE_LIBC_PTHREAD
[2.005s] -- Performing Test CMAKE_HAVE_LIBC_PTHREAD - Success
[2.006s] -- Found Threads: TRUE  
[2.061s] -- Found ament_lint_auto: 0.12.15 (/opt/ros/humble/share/ament_lint_auto/cmake)
[2.152s] -- Added test 'copyright' to check source files copyright and LICENSE
[2.154s] -- Added test 'cppcheck' to perform static code analysis on C / C++ code
[2.154s] -- Configured cppcheck include dirs: /tb3_ws/src/DynamixelSDK/dynamixel_sdk_examples/include
[2.154s] -- Configured cppcheck exclude dirs and/or files: 
[2.156s] -- Added test 'cpplint' to check C / C++ code against the Google style
[2.156s] -- Configured cpplint exclude dirs and/or files: 
[2.158s] -- Added test 'lint_cmake' to check CMake code style
[2.160s] -- Added test 'uncrustify' to check C / C++ code style
[2.160s] -- Configured uncrustify additional arguments: 
[2.162s] -- Added test 'xmllint' to check XML markup files
[2.163s] -- Configuring done
[2.173s] -- Generating done
[2.177s] -- Build files have been written to: /tb3_ws/build/dynamixel_sdk_examples
[2.186s] Invoked command in '/tb3_ws/build/dynamixel_sdk_examples' returned '0': AMENT_PREFIX_PATH=/tb3_ws/install/dynamixel_sdk_custom_interfaces:/tb3_ws/install/dynamixel_sdk:${AMENT_PREFIX_PATH} CMAKE_PREFIX_PATH=/tb3_ws/install/dynamixel_sdk_custom_interfaces:/tb3_ws/install/dynamixel_sdk:/opt/ros/humble LD_LIBRARY_PATH=/tb3_ws/install/dynamixel_sdk_custom_interfaces/lib:/tb3_ws/install/dynamixel_sdk/lib:${LD_LIBRARY_PATH} PYTHONPATH=/tb3_ws/install/dynamixel_sdk_custom_interfaces/local/lib/python3.10/dist-packages:${PYTHONPATH} /usr/bin/cmake /tb3_ws/src/DynamixelSDK/dynamixel_sdk_examples -DAMENT_CMAKE_SYMLINK_INSTALL=1 -DCMAKE_INSTALL_PREFIX=/tb3_ws/install/dynamixel_sdk_examples
[2.187s] Invoking command in '/tb3_ws/build/dynamixel_sdk_examples': AMENT_PREFIX_PATH=/tb3_ws/install/dynamixel_sdk_custom_interfaces:/tb3_ws/install/dynamixel_sdk:${AMENT_PREFIX_PATH} CMAKE_PREFIX_PATH=/tb3_ws/install/dynamixel_sdk_custom_interfaces:/tb3_ws/install/dynamixel_sdk:/opt/ros/humble LD_LIBRARY_PATH=/tb3_ws/install/dynamixel_sdk_custom_interfaces/lib:/tb3_ws/install/dynamixel_sdk/lib:${LD_LIBRARY_PATH} PYTHONPATH=/tb3_ws/install/dynamixel_sdk_custom_interfaces/local/lib/python3.10/dist-packages:${PYTHONPATH} /usr/bin/cmake --build /tb3_ws/build/dynamixel_sdk_examples -- -j8 -l8
[2.236s] [ 50%] [32mBuilding CXX object CMakeFiles/read_write_node.dir/src/read_write_node.cpp.o[0m
[12.367s] [100%] [32m[1mLinking CXX executable read_write_node[0m
[12.862s] [100%] Built target read_write_node
[12.872s] Invoked command in '/tb3_ws/build/dynamixel_sdk_examples' returned '0': AMENT_PREFIX_PATH=/tb3_ws/install/dynamixel_sdk_custom_interfaces:/tb3_ws/install/dynamixel_sdk:${AMENT_PREFIX_PATH} CMAKE_PREFIX_PATH=/tb3_ws/install/dynamixel_sdk_custom_interfaces:/tb3_ws/install/dynamixel_sdk:/opt/ros/humble LD_LIBRARY_PATH=/tb3_ws/install/dynamixel_sdk_custom_interfaces/lib:/tb3_ws/install/dynamixel_sdk/lib:${LD_LIBRARY_PATH} PYTHONPATH=/tb3_ws/install/dynamixel_sdk_custom_interfaces/local/lib/python3.10/dist-packages:${PYTHONPATH} /usr/bin/cmake --build /tb3_ws/build/dynamixel_sdk_examples -- -j8 -l8
[12.874s] Invoking command in '/tb3_ws/build/dynamixel_sdk_examples': AMENT_PREFIX_PATH=/tb3_ws/install/dynamixel_sdk_custom_interfaces:/tb3_ws/install/dynamixel_sdk:${AMENT_PREFIX_PATH} CMAKE_PREFIX_PATH=/tb3_ws/install/dynamixel_sdk_custom_interfaces:/tb3_ws/install/dynamixel_sdk:/opt/ros/humble LD_LIBRARY_PATH=/tb3_ws/install/dynamixel_sdk_custom_interfaces/lib:/tb3_ws/install/dynamixel_sdk/lib:${LD_LIBRARY_PATH} PYTHONPATH=/tb3_ws/install/dynamixel_sdk_custom_interfaces/local/lib/python3.10/dist-packages:${PYTHONPATH} /usr/bin/cmake --install /tb3_ws/build/dynamixel_sdk_examples
[12.881s] -- Install configuration: ""
[12.882s] -- Execute custom install script
[12.883s] -- Symlinking: /tb3_ws/install/dynamixel_sdk_examples/lib/dynamixel_sdk_examples/read_write_node
[12.891s] -- Symlinking: /tb3_ws/install/dynamixel_sdk_examples/share/ament_index/resource_index/package_run_dependencies/dynamixel_sdk_examples
[12.900s] -- Symlinking: /tb3_ws/install/dynamixel_sdk_examples/share/ament_index/resource_index/parent_prefix_path/dynamixel_sdk_examples
[12.911s] -- Symlinking: /tb3_ws/install/dynamixel_sdk_examples/share/dynamixel_sdk_examples/environment/ament_prefix_path.sh
[12.920s] -- Symlinking: /tb3_ws/install/dynamixel_sdk_examples/share/dynamixel_sdk_examples/environment/ament_prefix_path.dsv
[12.928s] -- Symlinking: /tb3_ws/install/dynamixel_sdk_examples/share/dynamixel_sdk_examples/environment/path.sh
[12.935s] -- Symlinking: /tb3_ws/install/dynamixel_sdk_examples/share/dynamixel_sdk_examples/environment/path.dsv
[12.944s] -- Symlinking: /tb3_ws/install/dynamixel_sdk_examples/share/dynamixel_sdk_examples/local_setup.bash
[12.952s] -- Symlinking: /tb3_ws/install/dynamixel_sdk_examples/share/dynamixel_sdk_examples/local_setup.sh
[12.961s] -- Symlinking: /tb3_ws/install/dynamixel_sdk_examples/share/dynamixel_sdk_examples/local_setup.zsh
[12.970s] -- Symlinking: /tb3_ws/install/dynamixel_sdk_examples/share/dynamixel_sdk_examples/local_setup.dsv
[12.980s] -- Symlinking: /tb3_ws/install/dynamixel_sdk_examples/share/dynamixel_sdk_examples/package.dsv
[12.989s] -- Symlinking: /tb3_ws/install/dynamixel_sdk_examples/share/ament_index/resource_index/packages/dynamixel_sdk_examples
[12.999s] -- Symlinking: /tb3_ws/install/dynamixel_sdk_examples/share/dynamixel_sdk_examples/cmake/dynamixel_sdk_examplesConfig.cmake
[13.008s] -- Symlinking: /tb3_ws/install/dynamixel_sdk_examples/share/dynamixel_sdk_examples/cmake/dynamixel_sdk_examplesConfig-version.cmake
[13.016s] -- Symlinking: /tb3_ws/install/dynamixel_sdk_examples/share/dynamixel_sdk_examples/package.xml
[13.029s] Invoked command in '/tb3_ws/build/dynamixel_sdk_examples' returned '0': AMENT_PREFIX_PATH=/tb3_ws/install/dynamixel_sdk_custom_interfaces:/tb3_ws/install/dynamixel_sdk:${AMENT_PREFIX_PATH} CMAKE_PREFIX_PATH=/tb3_ws/install/dynamixel_sdk_custom_interfaces:/tb3_ws/install/dynamixel_sdk:/opt/ros/humble LD_LIBRARY_PATH=/tb3_ws/install/dynamixel_sdk_custom_interfaces/lib:/tb3_ws/install/dynamixel_sdk/lib:${LD_LIBRARY_PATH} PYTHONPATH=/tb3_ws/install/dynamixel_sdk_custom_interfaces/local/lib/python3.10/dist-packages:${PYTHONPATH} /usr/bin/cmake --install /tb3_ws/build/dynamixel_sdk_examples
