[0.551s] Invoking command in '/tb3_ws/build/turtlebot3_example': AMENT_PREFIX_PATH=/tb3_ws/install/turtlebot3_msgs:${AMENT_PREFIX_PATH} CMAKE_PREFIX_PATH=/tb3_ws/install/turtlebot3_msgs LD_LIBRARY_PATH=/tb3_ws/install/turtlebot3_msgs/lib:${LD_LIBRARY_PATH} PYTHONPATH=/tb3_ws/build/turtlebot3_example/prefix_override:/usr/lib/python3/dist-packages/colcon_core/task/python/colcon_distutils_commands:/tb3_ws/install/turtlebot3_example/lib/python3.10/site-packages:/tb3_ws/install/turtlebot3_msgs/local/lib/python3.10/dist-packages:${PYTHONPATH} /usr/bin/python3 -W ignore:setup.py install is deprecated -W ignore:easy_install command is deprecated setup.py develop --editable --build-directory /tb3_ws/build/turtlebot3_example/build --no-deps symlink_data
[0.716s] running develop
[0.809s] running egg_info
[0.809s] creating turtlebot3_example.egg-info
[0.809s] writing turtlebot3_example.egg-info/PKG-INFO
[0.809s] writing dependency_links to turtlebot3_example.egg-info/dependency_links.txt
[0.809s] writing entry points to turtlebot3_example.egg-info/entry_points.txt
[0.810s] writing requirements to turtlebot3_example.egg-info/requires.txt
[0.810s] writing top-level names to turtlebot3_example.egg-info/top_level.txt
[0.810s] writing manifest file 'turtlebot3_example.egg-info/SOURCES.txt'
[0.812s] reading manifest file 'turtlebot3_example.egg-info/SOURCES.txt'
[0.812s] writing manifest file 'turtlebot3_example.egg-info/SOURCES.txt'
[0.813s] running build_ext
[0.814s] Creating /tb3_ws/install/turtlebot3_example/lib/python3.10/site-packages/turtlebot3-example.egg-link (link to .)
[0.814s] Installing turtlebot3_obstacle_detection script to /tb3_ws/install/turtlebot3_example/lib/turtlebot3_example
[0.815s] Installing turtlebot3_patrol_client script to /tb3_ws/install/turtlebot3_example/lib/turtlebot3_example
[0.815s] Installing turtlebot3_patrol_server script to /tb3_ws/install/turtlebot3_example/lib/turtlebot3_example
[0.815s] Installing turtlebot3_position_control script to /tb3_ws/install/turtlebot3_example/lib/turtlebot3_example
[0.815s] 
[0.815s] Installed /tb3_ws/build/turtlebot3_example
[0.815s] running symlink_data
[0.815s] creating /tb3_ws/install/turtlebot3_example/share/ament_index
[0.816s] creating /tb3_ws/install/turtlebot3_example/share/ament_index/resource_index
[0.816s] creating /tb3_ws/install/turtlebot3_example/share/ament_index/resource_index/packages
[0.816s] symbolically linking /tb3_ws/build/turtlebot3_example/resource/turtlebot3_example -> /tb3_ws/install/turtlebot3_example/share/ament_index/resource_index/packages
[0.816s] symbolically linking /tb3_ws/build/turtlebot3_example/package.xml -> /tb3_ws/install/turtlebot3_example/share/turtlebot3_example
[0.837s] Invoked command in '/tb3_ws/build/turtlebot3_example' returned '0': AMENT_PREFIX_PATH=/tb3_ws/install/turtlebot3_msgs:${AMENT_PREFIX_PATH} CMAKE_PREFIX_PATH=/tb3_ws/install/turtlebot3_msgs LD_LIBRARY_PATH=/tb3_ws/install/turtlebot3_msgs/lib:${LD_LIBRARY_PATH} PYTHONPATH=/tb3_ws/build/turtlebot3_example/prefix_override:/usr/lib/python3/dist-packages/colcon_core/task/python/colcon_distutils_commands:/tb3_ws/install/turtlebot3_example/lib/python3.10/site-packages:/tb3_ws/install/turtlebot3_msgs/local/lib/python3.10/dist-packages:${PYTHONPATH} /usr/bin/python3 -W ignore:setup.py install is deprecated -W ignore:easy_install command is deprecated setup.py develop --editable --build-directory /tb3_ws/build/turtlebot3_example/build --no-deps symlink_data
