[0.976s] Invoking command in '/tb3_ws/build/turtlebot3_teleop': PYTHONPATH=/tb3_ws/build/turtlebot3_teleop/prefix_override:/usr/lib/python3/dist-packages/colcon_core/task/python/colcon_distutils_commands:/tb3_ws/install/turtlebot3_teleop/lib/python3.10/site-packages:${PYTHONPATH} /usr/bin/python3 -W ignore:setup.py install is deprecated -W ignore:easy_install command is deprecated setup.py develop --editable --build-directory /tb3_ws/build/turtlebot3_teleop/build --no-deps symlink_data
[1.363s] running develop
[1.530s] running egg_info
[1.530s] creating turtlebot3_teleop.egg-info
[1.531s] writing turtlebot3_teleop.egg-info/PKG-INFO
[1.531s] writing dependency_links to turtlebot3_teleop.egg-info/dependency_links.txt
[1.531s] writing entry points to turtlebot3_teleop.egg-info/entry_points.txt
[1.531s] writing requirements to turtlebot3_teleop.egg-info/requires.txt
[1.532s] writing top-level names to turtlebot3_teleop.egg-info/top_level.txt
[1.532s] writing manifest file 'turtlebot3_teleop.egg-info/SOURCES.txt'
[1.534s] reading manifest file 'turtlebot3_teleop.egg-info/SOURCES.txt'
[1.539s] writing manifest file 'turtlebot3_teleop.egg-info/SOURCES.txt'
[1.539s] running build_ext
[1.539s] Creating /tb3_ws/install/turtlebot3_teleop/lib/python3.10/site-packages/turtlebot3-teleop.egg-link (link to .)
[1.539s] Installing teleop_keyboard script to /tb3_ws/install/turtlebot3_teleop/lib/turtlebot3_teleop
[1.540s] 
[1.540s] Installed /tb3_ws/build/turtlebot3_teleop
[1.541s] running symlink_data
[1.541s] creating /tb3_ws/install/turtlebot3_teleop/share/ament_index
[1.541s] creating /tb3_ws/install/turtlebot3_teleop/share/ament_index/resource_index
[1.541s] creating /tb3_ws/install/turtlebot3_teleop/share/ament_index/resource_index/packages
[1.542s] symbolically linking /tb3_ws/build/turtlebot3_teleop/resource/turtlebot3_teleop -> /tb3_ws/install/turtlebot3_teleop/share/ament_index/resource_index/packages
[1.542s] symbolically linking /tb3_ws/build/turtlebot3_teleop/package.xml -> /tb3_ws/install/turtlebot3_teleop/share/turtlebot3_teleop
[1.594s] Invoked command in '/tb3_ws/build/turtlebot3_teleop' returned '0': PYTHONPATH=/tb3_ws/build/turtlebot3_teleop/prefix_override:/usr/lib/python3/dist-packages/colcon_core/task/python/colcon_distutils_commands:/tb3_ws/install/turtlebot3_teleop/lib/python3.10/site-packages:${PYTHONPATH} /usr/bin/python3 -W ignore:setup.py install is deprecated -W ignore:easy_install command is deprecated setup.py develop --editable --build-directory /tb3_ws/build/turtlebot3_teleop/build --no-deps symlink_data
