[0.033s] Invoking command in '/tb3_ws/build/turtlebot3_description': CMAKE_PREFIX_PATH=/opt/ros/humble /usr/bin/cmake /tb3_ws/src/turtlebot3/turtlebot3_description -DAMENT_CMAKE_SYMLINK_INSTALL=1 -DCMAKE_INSTALL_PREFIX=/tb3_ws/install/turtlebot3_description
[0.278s] -- The C compiler identification is GNU 11.4.0
[0.310s] -- The CXX compiler identification is GNU 11.4.0
[0.323s] -- Detecting C compiler ABI info
[0.405s] -- Detecting C compiler ABI info - done
[0.412s] -- Check for working C compiler: /usr/bin/cc - skipped
[0.413s] -- Detecting C compile features
[0.413s] -- Detecting C compile features - done
[0.416s] -- Detecting CXX compiler ABI info
[0.508s] -- Detecting CXX compiler ABI info - done
[0.513s] -- Check for working CXX compiler: /usr/bin/c++ - skipped
[0.513s] -- Detecting CXX compile features
[0.513s] -- Detecting CXX compile features - done
[0.531s] -- Found ament_cmake: 1.3.14 (/opt/ros/humble/share/ament_cmake/cmake)
[0.700s] -- Found Python3: /usr/bin/python3 (found version "3.10.12") found components: Interpreter 
[0.793s] -- Override CMake install command with custom implementation using symlinks instead of copying resources
[0.851s] -- Found urdf: 2.6.1 (/opt/ros/humble/share/urdf/cmake)
[1.076s] -- Configuring done
[1.086s] -- Generating done
[1.090s] -- Build files have been written to: /tb3_ws/build/turtlebot3_description
[1.110s] Invoked command in '/tb3_ws/build/turtlebot3_description' returned '0': CMAKE_PREFIX_PATH=/opt/ros/humble /usr/bin/cmake /tb3_ws/src/turtlebot3/turtlebot3_description -DAMENT_CMAKE_SYMLINK_INSTALL=1 -DCMAKE_INSTALL_PREFIX=/tb3_ws/install/turtlebot3_description
[1.120s] Invoking command in '/tb3_ws/build/turtlebot3_description': CMAKE_PREFIX_PATH=/opt/ros/humble /usr/bin/cmake --build /tb3_ws/build/turtlebot3_description -- -j8 -l8
[1.669s] Invoked command in '/tb3_ws/build/turtlebot3_description' returned '0': CMAKE_PREFIX_PATH=/opt/ros/humble /usr/bin/cmake --build /tb3_ws/build/turtlebot3_description -- -j8 -l8
[1.677s] Invoking command in '/tb3_ws/build/turtlebot3_description': CMAKE_PREFIX_PATH=/opt/ros/humble /usr/bin/cmake --install /tb3_ws/build/turtlebot3_description
[1.704s] -- Install configuration: ""
[1.704s] -- Execute custom install script
[1.704s] -- Symlinking: /tb3_ws/install/turtlebot3_description/share/turtlebot3_description/meshes/bases/burger_base.stl
[1.714s] -- Symlinking: /tb3_ws/install/turtlebot3_description/share/turtlebot3_description/meshes/bases/waffle_base.stl
[1.723s] -- Symlinking: /tb3_ws/install/turtlebot3_description/share/turtlebot3_description/meshes/bases/waffle_pi_base.stl
[1.738s] -- Symlinking: /tb3_ws/install/turtlebot3_description/share/turtlebot3_description/meshes/sensors/astra.dae
[1.750s] -- Symlinking: /tb3_ws/install/turtlebot3_description/share/turtlebot3_description/meshes/sensors/astra.jpg
[1.758s] -- Symlinking: /tb3_ws/install/turtlebot3_description/share/turtlebot3_description/meshes/sensors/lds.stl
[1.769s] -- Symlinking: /tb3_ws/install/turtlebot3_description/share/turtlebot3_description/meshes/sensors/r200.dae
[1.780s] -- Symlinking: /tb3_ws/install/turtlebot3_description/share/turtlebot3_description/meshes/sensors/r200.jpg
[1.789s] -- Symlinking: /tb3_ws/install/turtlebot3_description/share/turtlebot3_description/meshes/wheels/left_tire.stl
[1.800s] -- Symlinking: /tb3_ws/install/turtlebot3_description/share/turtlebot3_description/meshes/wheels/right_tire.stl
[1.811s] -- Symlinking: /tb3_ws/install/turtlebot3_description/share/turtlebot3_description/rviz/model.rviz
[1.823s] -- Symlinking: /tb3_ws/install/turtlebot3_description/share/turtlebot3_description/urdf/common_properties.urdf
[1.834s] -- Symlinking: /tb3_ws/install/turtlebot3_description/share/turtlebot3_description/urdf/turtlebot3_burger.urdf
[1.842s] -- Symlinking: /tb3_ws/install/turtlebot3_description/share/turtlebot3_description/urdf/turtlebot3_waffle.urdf
[1.851s] -- Symlinking: /tb3_ws/install/turtlebot3_description/share/turtlebot3_description/urdf/turtlebot3_waffle_pi.urdf
[1.860s] -- Symlinking: /tb3_ws/install/turtlebot3_description/share/ament_index/resource_index/package_run_dependencies/turtlebot3_description
[1.869s] -- Symlinking: /tb3_ws/install/turtlebot3_description/share/ament_index/resource_index/parent_prefix_path/turtlebot3_description
[1.878s] -- Symlinking: /tb3_ws/install/turtlebot3_description/share/turtlebot3_description/environment/ament_prefix_path.sh
[1.886s] -- Symlinking: /tb3_ws/install/turtlebot3_description/share/turtlebot3_description/environment/ament_prefix_path.dsv
[1.894s] -- Symlinking: /tb3_ws/install/turtlebot3_description/share/turtlebot3_description/environment/path.sh
[1.902s] -- Symlinking: /tb3_ws/install/turtlebot3_description/share/turtlebot3_description/environment/path.dsv
[1.915s] -- Symlinking: /tb3_ws/install/turtlebot3_description/share/turtlebot3_description/local_setup.bash
[1.925s] -- Symlinking: /tb3_ws/install/turtlebot3_description/share/turtlebot3_description/local_setup.sh
[1.935s] -- Symlinking: /tb3_ws/install/turtlebot3_description/share/turtlebot3_description/local_setup.zsh
[1.944s] -- Symlinking: /tb3_ws/install/turtlebot3_description/share/turtlebot3_description/local_setup.dsv
[1.955s] -- Symlinking: /tb3_ws/install/turtlebot3_description/share/turtlebot3_description/package.dsv
[1.966s] -- Symlinking: /tb3_ws/install/turtlebot3_description/share/ament_index/resource_index/packages/turtlebot3_description
[1.976s] -- Symlinking: /tb3_ws/install/turtlebot3_description/share/turtlebot3_description/cmake/turtlebot3_descriptionConfig.cmake
[1.987s] -- Symlinking: /tb3_ws/install/turtlebot3_description/share/turtlebot3_description/cmake/turtlebot3_descriptionConfig-version.cmake
[1.997s] -- Symlinking: /tb3_ws/install/turtlebot3_description/share/turtlebot3_description/package.xml
[2.009s] Invoked command in '/tb3_ws/build/turtlebot3_description' returned '0': CMAKE_PREFIX_PATH=/opt/ros/humble /usr/bin/cmake --install /tb3_ws/build/turtlebot3_description
