[0.244s] Invoking command in '/tb3_ws/build/turtlebot3_fake_node': AMENT_PREFIX_PATH=/tb3_ws/install/turtlebot3_msgs:${AMENT_PREFIX_PATH} CMAKE_PREFIX_PATH=/tb3_ws/install/turtlebot3_msgs:/opt/ros/humble LD_LIBRARY_PATH=/tb3_ws/install/turtlebot3_msgs/lib:${LD_LIBRARY_PATH} PYTHONPATH=/tb3_ws/install/turtlebot3_msgs/local/lib/python3.10/dist-packages:${PYTHONPATH} /usr/bin/cmake /tb3_ws/src/turtlebot3_simulations/turtlebot3_fake_node -DAMENT_CMAKE_SYMLINK_INSTALL=1 -DCMAKE_INSTALL_PREFIX=/tb3_ws/install/turtlebot3_fake_node
[1.725s] -- The C compiler identification is GNU 11.4.0
[1.778s] -- The CXX compiler identification is GNU 11.4.0
[1.786s] -- Detecting C compiler ABI info
[1.857s] -- Detecting C compiler ABI info - done
[1.863s] -- Check for working C compiler: /usr/bin/cc - skipped
[1.863s] -- Detecting C compile features
[1.863s] -- Detecting C compile features - done
[1.867s] -- Detecting CXX compiler ABI info
[1.958s] -- Detecting CXX compiler ABI info - done
[1.965s] -- Check for working CXX compiler: /usr/bin/c++ - skipped
[1.965s] -- Detecting CXX compile features
[1.965s] -- Detecting CXX compile features - done
[1.969s] -- Found ament_cmake: 1.3.14 (/opt/ros/humble/share/ament_cmake/cmake)
[2.118s] -- Found Python3: /usr/bin/python3 (found version "3.10.12") found components: Interpreter 
[2.181s] -- Override CMake install command with custom implementation using symlinks instead of copying resources
[2.215s] -- Found geometry_msgs: 4.9.1 (/opt/ros/humble/share/geometry_msgs/cmake)
[2.247s] -- Found rosidl_generator_c: 3.1.8 (/opt/ros/humble/share/rosidl_generator_c/cmake)
[2.252s] -- Found rosidl_adapter: 3.1.8 (/opt/ros/humble/share/rosidl_adapter/cmake)
[2.260s] -- Found rosidl_generator_cpp: 3.1.8 (/opt/ros/humble/share/rosidl_generator_cpp/cmake)
[2.270s] -- Using all available rosidl_typesupport_c: rosidl_typesupport_fastrtps_c;rosidl_typesupport_introspection_c
[2.283s] -- Using all available rosidl_typesupport_cpp: rosidl_typesupport_fastrtps_cpp;rosidl_typesupport_introspection_cpp
[2.316s] -- Found nav_msgs: 4.9.1 (/opt/ros/humble/share/nav_msgs/cmake)
[2.330s] -- Found rclcpp: 16.0.19 (/opt/ros/humble/share/rclcpp/cmake)
[2.363s] -- Found rmw_implementation_cmake: 6.1.2 (/opt/ros/humble/share/rmw_implementation_cmake/cmake)
[2.367s] -- Found rmw_fastrtps_cpp: 6.2.10 (/opt/ros/humble/share/rmw_fastrtps_cpp/cmake)
[2.457s] -- Found OpenSSL: /usr/lib/x86_64-linux-gnu/libcrypto.so (found version "3.0.2")  
[2.486s] -- Found FastRTPS: /opt/ros/humble/include  
[2.531s] -- Using RMW implementation 'rmw_fastrtps_cpp' as default
[2.537s] -- Looking for pthread.h
[2.601s] -- Looking for pthread.h - found
[2.601s] -- Performing Test CMAKE_HAVE_LIBC_PTHREAD
[2.665s] -- Performing Test CMAKE_HAVE_LIBC_PTHREAD - Success
[2.666s] -- Found Threads: TRUE  
[2.696s] -- Found sensor_msgs: 4.9.1 (/opt/ros/humble/share/sensor_msgs/cmake)
[2.709s] -- Found tf2: 0.25.20 (/opt/ros/humble/share/tf2/cmake)
[2.722s] -- Found tf2_msgs: 0.25.20 (/opt/ros/humble/share/tf2_msgs/cmake)
[2.763s] -- Found turtlebot3_msgs: 2.2.3 (/tb3_ws/install/turtlebot3_msgs/share/turtlebot3_msgs/cmake)
[2.826s] -- Configuring done
[2.838s] -- Generating done
[2.841s] -- Build files have been written to: /tb3_ws/build/turtlebot3_fake_node
[2.849s] Invoked command in '/tb3_ws/build/turtlebot3_fake_node' returned '0': AMENT_PREFIX_PATH=/tb3_ws/install/turtlebot3_msgs:${AMENT_PREFIX_PATH} CMAKE_PREFIX_PATH=/tb3_ws/install/turtlebot3_msgs:/opt/ros/humble LD_LIBRARY_PATH=/tb3_ws/install/turtlebot3_msgs/lib:${LD_LIBRARY_PATH} PYTHONPATH=/tb3_ws/install/turtlebot3_msgs/local/lib/python3.10/dist-packages:${PYTHONPATH} /usr/bin/cmake /tb3_ws/src/turtlebot3_simulations/turtlebot3_fake_node -DAMENT_CMAKE_SYMLINK_INSTALL=1 -DCMAKE_INSTALL_PREFIX=/tb3_ws/install/turtlebot3_fake_node
[2.851s] Invoking command in '/tb3_ws/build/turtlebot3_fake_node': AMENT_PREFIX_PATH=/tb3_ws/install/turtlebot3_msgs:${AMENT_PREFIX_PATH} CMAKE_PREFIX_PATH=/tb3_ws/install/turtlebot3_msgs:/opt/ros/humble LD_LIBRARY_PATH=/tb3_ws/install/turtlebot3_msgs/lib:${LD_LIBRARY_PATH} PYTHONPATH=/tb3_ws/install/turtlebot3_msgs/local/lib/python3.10/dist-packages:${PYTHONPATH} /usr/bin/cmake --build /tb3_ws/build/turtlebot3_fake_node -- -j8 -l8
[2.899s] [ 50%] [32mBuilding CXX object CMakeFiles/turtlebot3_fake_node.dir/src/turtlebot3_fake_node.cpp.o[0m
[17.443s] [100%] [32m[1mLinking CXX executable turtlebot3_fake_node[0m
[18.030s] [100%] Built target turtlebot3_fake_node
[18.046s] Invoked command in '/tb3_ws/build/turtlebot3_fake_node' returned '0': AMENT_PREFIX_PATH=/tb3_ws/install/turtlebot3_msgs:${AMENT_PREFIX_PATH} CMAKE_PREFIX_PATH=/tb3_ws/install/turtlebot3_msgs:/opt/ros/humble LD_LIBRARY_PATH=/tb3_ws/install/turtlebot3_msgs/lib:${LD_LIBRARY_PATH} PYTHONPATH=/tb3_ws/install/turtlebot3_msgs/local/lib/python3.10/dist-packages:${PYTHONPATH} /usr/bin/cmake --build /tb3_ws/build/turtlebot3_fake_node -- -j8 -l8
[18.050s] Invoking command in '/tb3_ws/build/turtlebot3_fake_node': AMENT_PREFIX_PATH=/tb3_ws/install/turtlebot3_msgs:${AMENT_PREFIX_PATH} CMAKE_PREFIX_PATH=/tb3_ws/install/turtlebot3_msgs:/opt/ros/humble LD_LIBRARY_PATH=/tb3_ws/install/turtlebot3_msgs/lib:${LD_LIBRARY_PATH} PYTHONPATH=/tb3_ws/install/turtlebot3_msgs/local/lib/python3.10/dist-packages:${PYTHONPATH} /usr/bin/cmake --install /tb3_ws/build/turtlebot3_fake_node
[18.059s] -- Install configuration: ""
[18.060s] -- Execute custom install script
[18.061s] -- Symlinking: /tb3_ws/install/turtlebot3_fake_node/lib/turtlebot3_fake_node/turtlebot3_fake_node
[18.072s] -- Symlinking: /tb3_ws/install/turtlebot3_fake_node/share/turtlebot3_fake_node/launch/rviz2.launch.py
[18.082s] -- Symlinking: /tb3_ws/install/turtlebot3_fake_node/share/turtlebot3_fake_node/launch/turtlebot3_fake_node.launch.py
[18.092s] -- Symlinking: /tb3_ws/install/turtlebot3_fake_node/share/turtlebot3_fake_node/param/burger.yaml
[18.100s] -- Symlinking: /tb3_ws/install/turtlebot3_fake_node/share/turtlebot3_fake_node/param/waffle.yaml
[18.109s] -- Symlinking: /tb3_ws/install/turtlebot3_fake_node/share/turtlebot3_fake_node/param/waffle_pi.yaml
[18.116s] -- Symlinking: /tb3_ws/install/turtlebot3_fake_node/include//turtlebot3_fake_node/turtlebot3_fake_node.hpp
[18.125s] -- Symlinking: /tb3_ws/install/turtlebot3_fake_node/share/ament_index/resource_index/package_run_dependencies/turtlebot3_fake_node
[18.134s] -- Symlinking: /tb3_ws/install/turtlebot3_fake_node/share/ament_index/resource_index/parent_prefix_path/turtlebot3_fake_node
[18.143s] -- Symlinking: /tb3_ws/install/turtlebot3_fake_node/share/turtlebot3_fake_node/environment/ament_prefix_path.sh
[18.155s] -- Symlinking: /tb3_ws/install/turtlebot3_fake_node/share/turtlebot3_fake_node/environment/ament_prefix_path.dsv
[18.163s] -- Symlinking: /tb3_ws/install/turtlebot3_fake_node/share/turtlebot3_fake_node/environment/path.sh
[18.171s] -- Symlinking: /tb3_ws/install/turtlebot3_fake_node/share/turtlebot3_fake_node/environment/path.dsv
[18.179s] -- Symlinking: /tb3_ws/install/turtlebot3_fake_node/share/turtlebot3_fake_node/local_setup.bash
[18.190s] -- Symlinking: /tb3_ws/install/turtlebot3_fake_node/share/turtlebot3_fake_node/local_setup.sh
[18.197s] -- Symlinking: /tb3_ws/install/turtlebot3_fake_node/share/turtlebot3_fake_node/local_setup.zsh
[18.205s] -- Symlinking: /tb3_ws/install/turtlebot3_fake_node/share/turtlebot3_fake_node/local_setup.dsv
[18.213s] -- Symlinking: /tb3_ws/install/turtlebot3_fake_node/share/turtlebot3_fake_node/package.dsv
[18.221s] -- Symlinking: /tb3_ws/install/turtlebot3_fake_node/share/ament_index/resource_index/packages/turtlebot3_fake_node
[18.229s] -- Symlinking: /tb3_ws/install/turtlebot3_fake_node/share/turtlebot3_fake_node/cmake/ament_cmake_export_include_directories-extras.cmake
[18.238s] -- Symlinking: /tb3_ws/install/turtlebot3_fake_node/share/turtlebot3_fake_node/cmake/ament_cmake_export_dependencies-extras.cmake
[18.246s] -- Symlinking: /tb3_ws/install/turtlebot3_fake_node/share/turtlebot3_fake_node/cmake/turtlebot3_fake_nodeConfig.cmake
[18.256s] -- Symlinking: /tb3_ws/install/turtlebot3_fake_node/share/turtlebot3_fake_node/cmake/turtlebot3_fake_nodeConfig-version.cmake
[18.268s] -- Symlinking: /tb3_ws/install/turtlebot3_fake_node/share/turtlebot3_fake_node/package.xml
[18.282s] Invoked command in '/tb3_ws/build/turtlebot3_fake_node' returned '0': AMENT_PREFIX_PATH=/tb3_ws/install/turtlebot3_msgs:${AMENT_PREFIX_PATH} CMAKE_PREFIX_PATH=/tb3_ws/install/turtlebot3_msgs:/opt/ros/humble LD_LIBRARY_PATH=/tb3_ws/install/turtlebot3_msgs/lib:${LD_LIBRARY_PATH} PYTHONPATH=/tb3_ws/install/turtlebot3_msgs/local/lib/python3.10/dist-packages:${PYTHONPATH} /usr/bin/cmake --install /tb3_ws/build/turtlebot3_fake_node
