[0.019s] Invoking command in '/tb3_ws/build/turtlebot3': AMENT_PREFIX_PATH=/tb3_ws/install/turtlebot3_bringup:/tb3_ws/install/turtlebot3_node:/tb3_ws/install/turtlebot3_example:/tb3_ws/install/turtlebot3_teleop:/tb3_ws/install/turtlebot3_msgs:/tb3_ws/install/turtlebot3_description:/tb3_ws/install/dynamixel_sdk:${AMENT_PREFIX_PATH} CMAKE_PREFIX_PATH=/tb3_ws/install/turtlebot3_bringup:/tb3_ws/install/turtlebot3_node:/tb3_ws/install/turtlebot3_msgs:/tb3_ws/install/turtlebot3_description:/tb3_ws/install/dynamixel_sdk:/opt/ros/humble LD_LIBRARY_PATH=/tb3_ws/install/turtlebot3_msgs/lib:/tb3_ws/install/dynamixel_sdk/lib:${LD_LIBRARY_PATH} PYTHONPATH=/tb3_ws/build/turtlebot3_example:/tb3_ws/install/turtlebot3_example/lib/python3.10/site-packages:/tb3_ws/build/turtlebot3_teleop:/tb3_ws/install/turtlebot3_teleop/lib/python3.10/site-packages:/tb3_ws/install/turtlebot3_msgs/local/lib/python3.10/dist-packages:${PYTHONPATH} /usr/bin/cmake /tb3_ws/src/turtlebot3/turtlebot3 -DAMENT_CMAKE_SYMLINK_INSTALL=1 -DCMAKE_INSTALL_PREFIX=/tb3_ws/install/turtlebot3
[0.065s] -- The C compiler identification is GNU 11.4.0
[0.107s] -- The CXX compiler identification is GNU 11.4.0
[0.113s] -- Detecting C compiler ABI info
[0.169s] -- Detecting C compiler ABI info - done
[0.173s] -- Check for working C compiler: /usr/bin/cc - skipped
[0.173s] -- Detecting C compile features
[0.174s] -- Detecting C compile features - done
[0.176s] -- Detecting CXX compiler ABI info
[0.235s] -- Detecting CXX compiler ABI info - done
[0.241s] -- Check for working CXX compiler: /usr/bin/c++ - skipped
[0.241s] -- Detecting CXX compile features
[0.241s] -- Detecting CXX compile features - done
[0.243s] -- Found ament_cmake: 1.3.14 (/opt/ros/humble/share/ament_cmake/cmake)
[0.354s] -- Found Python3: /usr/bin/python3 (found version "3.10.12") found components: Interpreter 
[0.402s] -- Override CMake install command with custom implementation using symlinks instead of copying resources
[0.476s] -- Configuring done
[0.479s] -- Generating done
[0.480s] -- Build files have been written to: /tb3_ws/build/turtlebot3
[0.484s] Invoked command in '/tb3_ws/build/turtlebot3' returned '0': AMENT_PREFIX_PATH=/tb3_ws/install/turtlebot3_bringup:/tb3_ws/install/turtlebot3_node:/tb3_ws/install/turtlebot3_example:/tb3_ws/install/turtlebot3_teleop:/tb3_ws/install/turtlebot3_msgs:/tb3_ws/install/turtlebot3_description:/tb3_ws/install/dynamixel_sdk:${AMENT_PREFIX_PATH} CMAKE_PREFIX_PATH=/tb3_ws/install/turtlebot3_bringup:/tb3_ws/install/turtlebot3_node:/tb3_ws/install/turtlebot3_msgs:/tb3_ws/install/turtlebot3_description:/tb3_ws/install/dynamixel_sdk:/opt/ros/humble LD_LIBRARY_PATH=/tb3_ws/install/turtlebot3_msgs/lib:/tb3_ws/install/dynamixel_sdk/lib:${LD_LIBRARY_PATH} PYTHONPATH=/tb3_ws/build/turtlebot3_example:/tb3_ws/install/turtlebot3_example/lib/python3.10/site-packages:/tb3_ws/build/turtlebot3_teleop:/tb3_ws/install/turtlebot3_teleop/lib/python3.10/site-packages:/tb3_ws/install/turtlebot3_msgs/local/lib/python3.10/dist-packages:${PYTHONPATH} /usr/bin/cmake /tb3_ws/src/turtlebot3/turtlebot3 -DAMENT_CMAKE_SYMLINK_INSTALL=1 -DCMAKE_INSTALL_PREFIX=/tb3_ws/install/turtlebot3
[0.486s] Invoking command in '/tb3_ws/build/turtlebot3': AMENT_PREFIX_PATH=/tb3_ws/install/turtlebot3_bringup:/tb3_ws/install/turtlebot3_node:/tb3_ws/install/turtlebot3_example:/tb3_ws/install/turtlebot3_teleop:/tb3_ws/install/turtlebot3_msgs:/tb3_ws/install/turtlebot3_description:/tb3_ws/install/dynamixel_sdk:${AMENT_PREFIX_PATH} CMAKE_PREFIX_PATH=/tb3_ws/install/turtlebot3_bringup:/tb3_ws/install/turtlebot3_node:/tb3_ws/install/turtlebot3_msgs:/tb3_ws/install/turtlebot3_description:/tb3_ws/install/dynamixel_sdk:/opt/ros/humble LD_LIBRARY_PATH=/tb3_ws/install/turtlebot3_msgs/lib:/tb3_ws/install/dynamixel_sdk/lib:${LD_LIBRARY_PATH} PYTHONPATH=/tb3_ws/build/turtlebot3_example:/tb3_ws/install/turtlebot3_example/lib/python3.10/site-packages:/tb3_ws/build/turtlebot3_teleop:/tb3_ws/install/turtlebot3_teleop/lib/python3.10/site-packages:/tb3_ws/install/turtlebot3_msgs/local/lib/python3.10/dist-packages:${PYTHONPATH} /usr/bin/cmake --build /tb3_ws/build/turtlebot3 -- -j8 -l8
[0.515s] Invoked command in '/tb3_ws/build/turtlebot3' returned '0': AMENT_PREFIX_PATH=/tb3_ws/install/turtlebot3_bringup:/tb3_ws/install/turtlebot3_node:/tb3_ws/install/turtlebot3_example:/tb3_ws/install/turtlebot3_teleop:/tb3_ws/install/turtlebot3_msgs:/tb3_ws/install/turtlebot3_description:/tb3_ws/install/dynamixel_sdk:${AMENT_PREFIX_PATH} CMAKE_PREFIX_PATH=/tb3_ws/install/turtlebot3_bringup:/tb3_ws/install/turtlebot3_node:/tb3_ws/install/turtlebot3_msgs:/tb3_ws/install/turtlebot3_description:/tb3_ws/install/dynamixel_sdk:/opt/ros/humble LD_LIBRARY_PATH=/tb3_ws/install/turtlebot3_msgs/lib:/tb3_ws/install/dynamixel_sdk/lib:${LD_LIBRARY_PATH} PYTHONPATH=/tb3_ws/build/turtlebot3_example:/tb3_ws/install/turtlebot3_example/lib/python3.10/site-packages:/tb3_ws/build/turtlebot3_teleop:/tb3_ws/install/turtlebot3_teleop/lib/python3.10/site-packages:/tb3_ws/install/turtlebot3_msgs/local/lib/python3.10/dist-packages:${PYTHONPATH} /usr/bin/cmake --build /tb3_ws/build/turtlebot3 -- -j8 -l8
[0.517s] Invoking command in '/tb3_ws/build/turtlebot3': AMENT_PREFIX_PATH=/tb3_ws/install/turtlebot3_bringup:/tb3_ws/install/turtlebot3_node:/tb3_ws/install/turtlebot3_example:/tb3_ws/install/turtlebot3_teleop:/tb3_ws/install/turtlebot3_msgs:/tb3_ws/install/turtlebot3_description:/tb3_ws/install/dynamixel_sdk:${AMENT_PREFIX_PATH} CMAKE_PREFIX_PATH=/tb3_ws/install/turtlebot3_bringup:/tb3_ws/install/turtlebot3_node:/tb3_ws/install/turtlebot3_msgs:/tb3_ws/install/turtlebot3_description:/tb3_ws/install/dynamixel_sdk:/opt/ros/humble LD_LIBRARY_PATH=/tb3_ws/install/turtlebot3_msgs/lib:/tb3_ws/install/dynamixel_sdk/lib:${LD_LIBRARY_PATH} PYTHONPATH=/tb3_ws/build/turtlebot3_example:/tb3_ws/install/turtlebot3_example/lib/python3.10/site-packages:/tb3_ws/build/turtlebot3_teleop:/tb3_ws/install/turtlebot3_teleop/lib/python3.10/site-packages:/tb3_ws/install/turtlebot3_msgs/local/lib/python3.10/dist-packages:${PYTHONPATH} /usr/bin/cmake --install /tb3_ws/build/turtlebot3
[0.522s] -- Install configuration: ""
[0.522s] -- Execute custom install script
[0.523s] -- Symlinking: /tb3_ws/install/turtlebot3/share/ament_index/resource_index/package_run_dependencies/turtlebot3
[0.530s] -- Symlinking: /tb3_ws/install/turtlebot3/share/ament_index/resource_index/parent_prefix_path/turtlebot3
[0.537s] -- Symlinking: /tb3_ws/install/turtlebot3/share/turtlebot3/environment/ament_prefix_path.sh
[0.545s] -- Symlinking: /tb3_ws/install/turtlebot3/share/turtlebot3/environment/ament_prefix_path.dsv
[0.552s] -- Symlinking: /tb3_ws/install/turtlebot3/share/turtlebot3/environment/path.sh
[0.561s] -- Symlinking: /tb3_ws/install/turtlebot3/share/turtlebot3/environment/path.dsv
[0.567s] -- Symlinking: /tb3_ws/install/turtlebot3/share/turtlebot3/local_setup.bash
[0.575s] -- Symlinking: /tb3_ws/install/turtlebot3/share/turtlebot3/local_setup.sh
[0.582s] -- Symlinking: /tb3_ws/install/turtlebot3/share/turtlebot3/local_setup.zsh
[0.589s] -- Symlinking: /tb3_ws/install/turtlebot3/share/turtlebot3/local_setup.dsv
[0.596s] -- Symlinking: /tb3_ws/install/turtlebot3/share/turtlebot3/package.dsv
[0.603s] -- Symlinking: /tb3_ws/install/turtlebot3/share/ament_index/resource_index/packages/turtlebot3
[0.610s] -- Symlinking: /tb3_ws/install/turtlebot3/share/turtlebot3/cmake/turtlebot3Config.cmake
[0.617s] -- Symlinking: /tb3_ws/install/turtlebot3/share/turtlebot3/cmake/turtlebot3Config-version.cmake
[0.624s] -- Symlinking: /tb3_ws/install/turtlebot3/share/turtlebot3/package.xml
[0.632s] Invoked command in '/tb3_ws/build/turtlebot3' returned '0': AMENT_PREFIX_PATH=/tb3_ws/install/turtlebot3_bringup:/tb3_ws/install/turtlebot3_node:/tb3_ws/install/turtlebot3_example:/tb3_ws/install/turtlebot3_teleop:/tb3_ws/install/turtlebot3_msgs:/tb3_ws/install/turtlebot3_description:/tb3_ws/install/dynamixel_sdk:${AMENT_PREFIX_PATH} CMAKE_PREFIX_PATH=/tb3_ws/install/turtlebot3_bringup:/tb3_ws/install/turtlebot3_node:/tb3_ws/install/turtlebot3_msgs:/tb3_ws/install/turtlebot3_description:/tb3_ws/install/dynamixel_sdk:/opt/ros/humble LD_LIBRARY_PATH=/tb3_ws/install/turtlebot3_msgs/lib:/tb3_ws/install/dynamixel_sdk/lib:${LD_LIBRARY_PATH} PYTHONPATH=/tb3_ws/build/turtlebot3_example:/tb3_ws/install/turtlebot3_example/lib/python3.10/site-packages:/tb3_ws/build/turtlebot3_teleop:/tb3_ws/install/turtlebot3_teleop/lib/python3.10/site-packages:/tb3_ws/install/turtlebot3_msgs/local/lib/python3.10/dist-packages:${PYTHONPATH} /usr/bin/cmake --install /tb3_ws/build/turtlebot3
