[0.012s] Invoking command in '/tb3_ws/build/turtlebot3_bringup': AMENT_PREFIX_PATH=/tb3_ws/install/turtlebot3_node:/tb3_ws/install/turtlebot3_msgs:/tb3_ws/install/turtlebot3_description:/tb3_ws/install/dynamixel_sdk:${AMENT_PREFIX_PATH} CMAKE_PREFIX_PATH=/tb3_ws/install/turtlebot3_node:/tb3_ws/install/turtlebot3_msgs:/tb3_ws/install/turtlebot3_description:/tb3_ws/install/dynamixel_sdk:/opt/ros/humble LD_LIBRARY_PATH=/tb3_ws/install/turtlebot3_msgs/lib:/tb3_ws/install/dynamixel_sdk/lib:${LD_LIBRARY_PATH} PYTHONPATH=/tb3_ws/install/turtlebot3_msgs/local/lib/python3.10/dist-packages:${PYTHONPATH} /usr/bin/cmake /tb3_ws/src/turtlebot3/turtlebot3_bringup -DAMENT_CMAKE_SYMLINK_INSTALL=1 -DCMAKE_INSTALL_PREFIX=/tb3_ws/install/turtlebot3_bringup
[0.054s] -- The C compiler identification is GNU 11.4.0
[0.095s] -- The CXX compiler identification is GNU 11.4.0
[0.100s] -- Detecting C compiler ABI info
[0.160s] -- Detecting C compiler ABI info - done
[0.165s] -- Check for working C compiler: /usr/bin/cc - skipped
[0.166s] -- Detecting C compile features
[0.166s] -- Detecting C compile features - done
[0.168s] -- Detecting CXX compiler ABI info
[0.240s] -- Detecting CXX compiler ABI info - done
[0.245s] -- Check for working CXX compiler: /usr/bin/c++ - skipped
[0.246s] -- Detecting CXX compile features
[0.246s] -- Detecting CXX compile features - done
[0.249s] -- Found ament_cmake: 1.3.14 (/opt/ros/humble/share/ament_cmake/cmake)
[0.376s] -- Found Python3: /usr/bin/python3 (found version "3.10.12") found components: Interpreter 
[0.436s] -- Override CMake install command with custom implementation using symlinks instead of copying resources
[0.518s] -- Configuring done
[0.521s] -- Generating done
[0.523s] -- Build files have been written to: /tb3_ws/build/turtlebot3_bringup
[0.528s] Invoked command in '/tb3_ws/build/turtlebot3_bringup' returned '0': AMENT_PREFIX_PATH=/tb3_ws/install/turtlebot3_node:/tb3_ws/install/turtlebot3_msgs:/tb3_ws/install/turtlebot3_description:/tb3_ws/install/dynamixel_sdk:${AMENT_PREFIX_PATH} CMAKE_PREFIX_PATH=/tb3_ws/install/turtlebot3_node:/tb3_ws/install/turtlebot3_msgs:/tb3_ws/install/turtlebot3_description:/tb3_ws/install/dynamixel_sdk:/opt/ros/humble LD_LIBRARY_PATH=/tb3_ws/install/turtlebot3_msgs/lib:/tb3_ws/install/dynamixel_sdk/lib:${LD_LIBRARY_PATH} PYTHONPATH=/tb3_ws/install/turtlebot3_msgs/local/lib/python3.10/dist-packages:${PYTHONPATH} /usr/bin/cmake /tb3_ws/src/turtlebot3/turtlebot3_bringup -DAMENT_CMAKE_SYMLINK_INSTALL=1 -DCMAKE_INSTALL_PREFIX=/tb3_ws/install/turtlebot3_bringup
[0.530s] Invoking command in '/tb3_ws/build/turtlebot3_bringup': AMENT_PREFIX_PATH=/tb3_ws/install/turtlebot3_node:/tb3_ws/install/turtlebot3_msgs:/tb3_ws/install/turtlebot3_description:/tb3_ws/install/dynamixel_sdk:${AMENT_PREFIX_PATH} CMAKE_PREFIX_PATH=/tb3_ws/install/turtlebot3_node:/tb3_ws/install/turtlebot3_msgs:/tb3_ws/install/turtlebot3_description:/tb3_ws/install/dynamixel_sdk:/opt/ros/humble LD_LIBRARY_PATH=/tb3_ws/install/turtlebot3_msgs/lib:/tb3_ws/install/dynamixel_sdk/lib:${LD_LIBRARY_PATH} PYTHONPATH=/tb3_ws/install/turtlebot3_msgs/local/lib/python3.10/dist-packages:${PYTHONPATH} /usr/bin/cmake --build /tb3_ws/build/turtlebot3_bringup -- -j8 -l8
[0.566s] Invoked command in '/tb3_ws/build/turtlebot3_bringup' returned '0': AMENT_PREFIX_PATH=/tb3_ws/install/turtlebot3_node:/tb3_ws/install/turtlebot3_msgs:/tb3_ws/install/turtlebot3_description:/tb3_ws/install/dynamixel_sdk:${AMENT_PREFIX_PATH} CMAKE_PREFIX_PATH=/tb3_ws/install/turtlebot3_node:/tb3_ws/install/turtlebot3_msgs:/tb3_ws/install/turtlebot3_description:/tb3_ws/install/dynamixel_sdk:/opt/ros/humble LD_LIBRARY_PATH=/tb3_ws/install/turtlebot3_msgs/lib:/tb3_ws/install/dynamixel_sdk/lib:${LD_LIBRARY_PATH} PYTHONPATH=/tb3_ws/install/turtlebot3_msgs/local/lib/python3.10/dist-packages:${PYTHONPATH} /usr/bin/cmake --build /tb3_ws/build/turtlebot3_bringup -- -j8 -l8
[0.567s] Invoking command in '/tb3_ws/build/turtlebot3_bringup': AMENT_PREFIX_PATH=/tb3_ws/install/turtlebot3_node:/tb3_ws/install/turtlebot3_msgs:/tb3_ws/install/turtlebot3_description:/tb3_ws/install/dynamixel_sdk:${AMENT_PREFIX_PATH} CMAKE_PREFIX_PATH=/tb3_ws/install/turtlebot3_node:/tb3_ws/install/turtlebot3_msgs:/tb3_ws/install/turtlebot3_description:/tb3_ws/install/dynamixel_sdk:/opt/ros/humble LD_LIBRARY_PATH=/tb3_ws/install/turtlebot3_msgs/lib:/tb3_ws/install/dynamixel_sdk/lib:${LD_LIBRARY_PATH} PYTHONPATH=/tb3_ws/install/turtlebot3_msgs/local/lib/python3.10/dist-packages:${PYTHONPATH} /usr/bin/cmake --install /tb3_ws/build/turtlebot3_bringup
[0.574s] -- Install configuration: ""
[0.575s] -- Execute custom install script
[0.576s] -- Symlinking: /tb3_ws/install/turtlebot3_bringup/share/turtlebot3_bringup/launch/robot.launch.py
[0.585s] -- Symlinking: /tb3_ws/install/turtlebot3_bringup/share/turtlebot3_bringup/launch/rviz2.launch.py
[0.592s] -- Symlinking: /tb3_ws/install/turtlebot3_bringup/share/turtlebot3_bringup/launch/turtlebot3_state_publisher.launch.py
[0.601s] -- Symlinking: /tb3_ws/install/turtlebot3_bringup/share/turtlebot3_bringup/param/burger.yaml
[0.608s] -- Symlinking: /tb3_ws/install/turtlebot3_bringup/share/turtlebot3_bringup/param/waffle.yaml
[0.616s] -- Symlinking: /tb3_ws/install/turtlebot3_bringup/share/turtlebot3_bringup/param/waffle_pi.yaml
[0.625s] -- Symlinking: /tb3_ws/install/turtlebot3_bringup/share/turtlebot3_bringup/script/99-turtlebot3-cdc.rules
[0.633s] -- Symlinking: /tb3_ws/install/turtlebot3_bringup/share/turtlebot3_bringup/script/create_udev_rules
[0.641s] -- Symlinking: /tb3_ws/install/turtlebot3_bringup/share/ament_index/resource_index/package_run_dependencies/turtlebot3_bringup
[0.650s] -- Symlinking: /tb3_ws/install/turtlebot3_bringup/share/ament_index/resource_index/parent_prefix_path/turtlebot3_bringup
[0.658s] -- Symlinking: /tb3_ws/install/turtlebot3_bringup/share/turtlebot3_bringup/environment/ament_prefix_path.sh
[0.665s] -- Symlinking: /tb3_ws/install/turtlebot3_bringup/share/turtlebot3_bringup/environment/ament_prefix_path.dsv
[0.673s] -- Symlinking: /tb3_ws/install/turtlebot3_bringup/share/turtlebot3_bringup/environment/path.sh
[0.681s] -- Symlinking: /tb3_ws/install/turtlebot3_bringup/share/turtlebot3_bringup/environment/path.dsv
[0.689s] -- Symlinking: /tb3_ws/install/turtlebot3_bringup/share/turtlebot3_bringup/local_setup.bash
[0.696s] -- Symlinking: /tb3_ws/install/turtlebot3_bringup/share/turtlebot3_bringup/local_setup.sh
[0.704s] -- Symlinking: /tb3_ws/install/turtlebot3_bringup/share/turtlebot3_bringup/local_setup.zsh
[0.713s] -- Symlinking: /tb3_ws/install/turtlebot3_bringup/share/turtlebot3_bringup/local_setup.dsv
[0.726s] -- Symlinking: /tb3_ws/install/turtlebot3_bringup/share/turtlebot3_bringup/package.dsv
[0.734s] -- Symlinking: /tb3_ws/install/turtlebot3_bringup/share/ament_index/resource_index/packages/turtlebot3_bringup
[0.742s] -- Symlinking: /tb3_ws/install/turtlebot3_bringup/share/turtlebot3_bringup/cmake/turtlebot3_bringupConfig.cmake
[0.750s] -- Symlinking: /tb3_ws/install/turtlebot3_bringup/share/turtlebot3_bringup/cmake/turtlebot3_bringupConfig-version.cmake
[0.758s] -- Symlinking: /tb3_ws/install/turtlebot3_bringup/share/turtlebot3_bringup/package.xml
[0.770s] Invoked command in '/tb3_ws/build/turtlebot3_bringup' returned '0': AMENT_PREFIX_PATH=/tb3_ws/install/turtlebot3_node:/tb3_ws/install/turtlebot3_msgs:/tb3_ws/install/turtlebot3_description:/tb3_ws/install/dynamixel_sdk:${AMENT_PREFIX_PATH} CMAKE_PREFIX_PATH=/tb3_ws/install/turtlebot3_node:/tb3_ws/install/turtlebot3_msgs:/tb3_ws/install/turtlebot3_description:/tb3_ws/install/dynamixel_sdk:/opt/ros/humble LD_LIBRARY_PATH=/tb3_ws/install/turtlebot3_msgs/lib:/tb3_ws/install/dynamixel_sdk/lib:${LD_LIBRARY_PATH} PYTHONPATH=/tb3_ws/install/turtlebot3_msgs/local/lib/python3.10/dist-packages:${PYTHONPATH} /usr/bin/cmake --install /tb3_ws/build/turtlebot3_bringup
